In file included from main.c:11:
menus.h: In function ‘trocaPon’:
menus.h:13:27: error: storage class specified for parameter ‘Con’
 typedef struct conbinacao Con, *pCon;
                           ^~~
menus.h:13:33: error: storage class specified for parameter ‘pCon’
 typedef struct conbinacao Con, *pCon;
                                 ^~~~
menus.h:45:5: error: expected specifier-qualifier-list before ‘pCon’
     pCon prox;
     ^~~~
menus.h:15:1: warning: empty declaration
 struct conbinacao{
 ^~~~~~
menus.h:59:1: error: expected declaration specifiers before ‘pCon’
 pCon adicionaCon(pCon inicio, int piloto, int carro);
 ^~~~
menus.h:64:29: error: expected declaration specifiers or ‘...’ before ‘pCon’
 int menufinalcor(psS saveS, pCon combina, int nMaxP, int voltas);
                             ^~~~
menus.h:70:26: error: expected declaration specifiers or ‘...’ before ‘pCon’
 int vercorrida(psS saveS,pCon combina, int nMaxP, int voltas);
                          ^~~~
main.c:15:33: error: expected ‘=’, ‘,’, ‘;’, ‘asm’ or ‘__attribute__’ before ‘{’ token
 int main(int argc, char** argv) {
                                 ^
In file included from main.c:9:
leitura.h:64:5: error: old-style parameter declarations in prototyped function definition
 int trocaPon(pCon *combina, pCon *aux, pCon *antaux)
     ^~~~~~~~
main.c:46: error: expected ‘{’ at end of input
   }
 
In file included from /usr/include/stdio.h:33,
                 from carros.c:7:
/usr/lib/gcc/x86_64-pc-linux-gnu/8.3.0/include/stddef.h: In function ‘trocaPon’:
/usr/lib/gcc/x86_64-pc-linux-gnu/8.3.0/include/stddef.h:216:23: error: storage class specified for parameter ‘size_t’
 typedef __SIZE_TYPE__ size_t;
                       ^~~~~~
In file included from /usr/include/stdio.h:36,
                 from carros.c:7:
/usr/lib/gcc/x86_64-pc-linux-gnu/8.3.0/include/stdarg.h:40:27: error: storage class specified for parameter ‘__gnuc_va_list’
 typedef __builtin_va_list __gnuc_va_list;
                           ^~~~~~~~~~~~~~
In file included from /usr/include/stdio.h:38,
                 from carros.c:7:
/usr/include/bits/types.h:31:23: error: storage class specified for parameter ‘__u_char’
 typedef unsigned char __u_char;
                       ^~~~~~~~
/usr/include/bits/types.h:32:28: error: storage class specified for parameter ‘__u_short’
 typedef unsigned short int __u_short;
                            ^~~~~~~~~
/usr/include/bits/types.h:33:22: error: storage class specified for parameter ‘__u_int’
 typedef unsigned int __u_int;
                      ^~~~~~~
/usr/include/bits/types.h:34:27: error: storage class specified for parameter ‘__u_long’
 typedef unsigned long int __u_long;
                           ^~~~~~~~
/usr/include/bits/types.h:37:21: error: storage class specified for parameter ‘__int8_t’
 typedef signed char __int8_t;
                     ^~~~~~~~
/usr/include/bits/types.h:38:23: error: storage class specified for parameter ‘__uint8_t’
 typedef unsigned char __uint8_t;
                       ^~~~~~~~~
/usr/include/bits/types.h:39:26: error: storage class specified for parameter ‘__int16_t’
 typedef signed short int __int16_t;
                          ^~~~~~~~~
/usr/include/bits/types.h:40:28: error: storage class specified for parameter ‘__uint16_t’
 typedef unsigned short int __uint16_t;
                            ^~~~~~~~~~
/usr/include/bits/types.h:41:20: error: storage class specified for parameter ‘__int32_t’
 typedef signed int __int32_t;
                    ^~~~~~~~~
/usr/include/bits/types.h:42:22: error: storage class specified for parameter ‘__uint32_t’
 typedef unsigned int __uint32_t;
                      ^~~~~~~~~~
/usr/include/bits/types.h:44:25: error: storage class specified for parameter ‘__int64_t’
 typedef signed long int __int64_t;
                         ^~~~~~~~~
/usr/include/bits/types.h:45:27: error: storage class specified for parameter ‘__uint64_t’
 typedef unsigned long int __uint64_t;
                           ^~~~~~~~~~
/usr/include/bits/types.h:52:18: error: expected ‘=’, ‘,’, ‘;’, ‘asm’ or ‘__attribute__’ before ‘__int_least8_t’
 typedef __int8_t __int_least8_t;
                  ^~~~~~~~~~~~~~
/usr/include/bits/types.h:53:19: error: expected ‘=’, ‘,’, ‘;’, ‘asm’ or ‘__attribute__’ before ‘__uint_least8_t’
 typedef __uint8_t __uint_least8_t;
                   ^~~~~~~~~~~~~~~
/usr/include/bits/types.h:54:19: error: expected ‘=’, ‘,’, ‘;’, ‘asm’ or ‘__attribute__’ before ‘__int_least16_t’
 typedef __int16_t __int_least16_t;
                   ^~~~~~~~~~~~~~~
/usr/include/bits/types.h:55:20: error: expected ‘=’, ‘,’, ‘;’, ‘asm’ or ‘__attribute__’ before ‘__uint_least16_t’
 typedef __uint16_t __uint_least16_t;
                    ^~~~~~~~~~~~~~~~
/usr/include/bits/types.h:56:19: error: expected ‘=’, ‘,’, ‘;’, ‘asm’ or ‘__attribute__’ before ‘__int_least32_t’
 typedef __int32_t __int_least32_t;
                   ^~~~~~~~~~~~~~~
/usr/include/bits/types.h:57:20: error: expected ‘=’, ‘,’, ‘;’, ‘asm’ or ‘__attribute__’ before ‘__uint_least32_t’
 typedef __uint32_t __uint_least32_t;
                    ^~~~~~~~~~~~~~~~
/usr/include/bits/types.h:58:19: error: expected ‘=’, ‘,’, ‘;’, ‘asm’ or ‘__attribute__’ before ‘__int_least64_t’
 typedef __int64_t __int_least64_t;
                   ^~~~~~~~~~~~~~~
/usr/include/bits/types.h:59:20: error: expected ‘=’, ‘,’, ‘;’, ‘asm’ or ‘__attribute__’ before ‘__uint_least64_t’
 typedef __uint64_t __uint_least64_t;
                    ^~~~~~~~~~~~~~~~
/usr/include/bits/types.h:63:18: error: storage class specified for parameter ‘__quad_t’
 typedef long int __quad_t;
                  ^~~~~~~~
/usr/include/bits/types.h:64:27: error: storage class specified for parameter ‘__u_quad_t’
 typedef unsigned long int __u_quad_t;
                           ^~~~~~~~~~
/usr/include/bits/types.h:72:18: error: storage class specified for parameter ‘__intmax_t’
 typedef long int __intmax_t;
                  ^~~~~~~~~~
/usr/include/bits/types.h:73:27: error: storage class specified for parameter ‘__uintmax_t’
 typedef unsigned long int __uintmax_t;
                           ^~~~~~~~~~~
In file included from /usr/include/stdio.h:38,
                 from carros.c:7:
/usr/include/bits/types.h:145:25: error: storage class specified for parameter ‘__dev_t’
 __STD_TYPE __DEV_T_TYPE __dev_t; /* Type of device numbers.  */
                         ^~~~~~~
/usr/include/bits/types.h:146:25: error: storage class specified for parameter ‘__uid_t’
 __STD_TYPE __UID_T_TYPE __uid_t; /* Type of user identifications.  */
                         ^~~~~~~
/usr/include/bits/types.h:147:25: error: storage class specified for parameter ‘__gid_t’
 __STD_TYPE __GID_T_TYPE __gid_t; /* Type of group identifications.  */
                         ^~~~~~~
/usr/include/bits/types.h:148:25: error: storage class specified for parameter ‘__ino_t’
 __STD_TYPE __INO_T_TYPE __ino_t; /* Type of file serial numbers.  */
                         ^~~~~~~
/usr/include/bits/types.h:149:27: error: storage class specified for parameter ‘__ino64_t’
 __STD_TYPE __INO64_T_TYPE __ino64_t; /* Type of file serial numbers (LFS).*/
                           ^~~~~~~~~
/usr/include/bits/types.h:150:26: error: storage class specified for parameter ‘__mode_t’
 __STD_TYPE __MODE_T_TYPE __mode_t; /* Type of file attribute bitmasks.  */
                          ^~~~~~~~
/usr/include/bits/types.h:151:27: error: storage class specified for parameter ‘__nlink_t’
 __STD_TYPE __NLINK_T_TYPE __nlink_t; /* Type of file link counts.  */
                           ^~~~~~~~~
/usr/include/bits/types.h:152:25: error: storage class specified for parameter ‘__off_t’
 __STD_TYPE __OFF_T_TYPE __off_t; /* Type of file sizes and offsets.  */
                         ^~~~~~~
/usr/include/bits/types.h:153:27: error: storage class specified for parameter ‘__off64_t’
 __STD_TYPE __OFF64_T_TYPE __off64_t; /* Type of file sizes and offsets (LFS).  */
                           ^~~~~~~~~
/usr/include/bits/types.h:154:25: error: storage class specified for parameter ‘__pid_t’
 __STD_TYPE __PID_T_TYPE __pid_t; /* Type of process identifications.  */
                         ^~~~~~~
/usr/include/bits/types.h:155:26: error: storage class specified for parameter ‘__fsid_t’
 __STD_TYPE __FSID_T_TYPE __fsid_t; /* Type of file system IDs.  */
                          ^~~~~~~~
/usr/include/bits/types.h:156:27: error: storage class specified for parameter ‘__clock_t’
 __STD_TYPE __CLOCK_T_TYPE __clock_t; /* Type of CPU usage counts.  */
                           ^~~~~~~~~
/usr/include/bits/types.h:157:26: error: storage class specified for parameter ‘__rlim_t’
 __STD_TYPE __RLIM_T_TYPE __rlim_t; /* Type for resource measurement.  */
                          ^~~~~~~~
/usr/include/bits/types.h:158:28: error: storage class specified for parameter ‘__rlim64_t’
 __STD_TYPE __RLIM64_T_TYPE __rlim64_t; /* Type for resource measurement (LFS).  */
                            ^~~~~~~~~~
/usr/include/bits/types.h:159:24: error: storage class specified for parameter ‘__id_t’
 __STD_TYPE __ID_T_TYPE __id_t;  /* General type for IDs.  */
                        ^~~~~~
/usr/include/bits/types.h:160:26: error: storage class specified for parameter ‘__time_t’
 __STD_TYPE __TIME_T_TYPE __time_t; /* Seconds since the Epoch.  */
                          ^~~~~~~~
/usr/include/bits/types.h:161:30: error: storage class specified for parameter ‘__useconds_t’
 __STD_TYPE __USECONDS_T_TYPE __useconds_t; /* Count of microseconds.  */
                              ^~~~~~~~~~~~
/usr/include/bits/types.h:162:31: error: storage class specified for parameter ‘__suseconds_t’
 __STD_TYPE __SUSECONDS_T_TYPE __suseconds_t; /* Signed count of microseconds.  */
                               ^~~~~~~~~~~~~
/usr/include/bits/types.h:164:27: error: storage class specified for parameter ‘__daddr_t’
 __STD_TYPE __DADDR_T_TYPE __daddr_t; /* The type of a disk address.  */
                           ^~~~~~~~~
/usr/include/bits/types.h:165:25: error: storage class specified for parameter ‘__key_t’
 __STD_TYPE __KEY_T_TYPE __key_t; /* Type of an IPC key.  */
                         ^~~~~~~
/usr/include/bits/types.h:168:29: error: storage class specified for parameter ‘__clockid_t’
 __STD_TYPE __CLOCKID_T_TYPE __clockid_t;
                             ^~~~~~~~~~~
/usr/include/bits/types.h:171:27: error: storage class specified for parameter ‘__timer_t’
 __STD_TYPE __TIMER_T_TYPE __timer_t;
                           ^~~~~~~~~
/usr/include/bits/types.h:174:29: error: storage class specified for parameter ‘__blksize_t’
 __STD_TYPE __BLKSIZE_T_TYPE __blksize_t;
                             ^~~~~~~~~~~
/usr/include/bits/types.h:179:28: error: storage class specified for parameter ‘__blkcnt_t’
 __STD_TYPE __BLKCNT_T_TYPE __blkcnt_t;
                            ^~~~~~~~~~
/usr/include/bits/types.h:180:30: error: storage class specified for parameter ‘__blkcnt64_t’
 __STD_TYPE __BLKCNT64_T_TYPE __blkcnt64_t;
                              ^~~~~~~~~~~~
/usr/include/bits/types.h:183:30: error: storage class specified for parameter ‘__fsblkcnt_t’
 __STD_TYPE __FSBLKCNT_T_TYPE __fsblkcnt_t;
                              ^~~~~~~~~~~~
/usr/include/bits/types.h:184:32: error: storage class specified for parameter ‘__fsblkcnt64_t’
 __STD_TYPE __FSBLKCNT64_T_TYPE __fsblkcnt64_t;
                                ^~~~~~~~~~~~~~
/usr/include/bits/types.h:187:30: error: storage class specified for parameter ‘__fsfilcnt_t’
 __STD_TYPE __FSFILCNT_T_TYPE __fsfilcnt_t;
                              ^~~~~~~~~~~~
/usr/include/bits/types.h:188:32: error: storage class specified for parameter ‘__fsfilcnt64_t’
 __STD_TYPE __FSFILCNT64_T_TYPE __fsfilcnt64_t;
                                ^~~~~~~~~~~~~~
/usr/include/bits/types.h:191:28: error: storage class specified for parameter ‘__fsword_t’
 __STD_TYPE __FSWORD_T_TYPE __fsword_t;
                            ^~~~~~~~~~
/usr/include/bits/types.h:193:27: error: storage class specified for parameter ‘__ssize_t’
 __STD_TYPE __SSIZE_T_TYPE __ssize_t; /* Type of a byte count, or error.  */
                           ^~~~~~~~~
/usr/include/bits/types.h:196:33: error: storage class specified for parameter ‘__syscall_slong_t’
 __STD_TYPE __SYSCALL_SLONG_TYPE __syscall_slong_t;
                                 ^~~~~~~~~~~~~~~~~
/usr/include/bits/types.h:198:33: error: storage class specified for parameter ‘__syscall_ulong_t’
 __STD_TYPE __SYSCALL_ULONG_TYPE __syscall_ulong_t;
                                 ^~~~~~~~~~~~~~~~~
/usr/include/bits/types.h:202:19: error: expected ‘=’, ‘,’, ‘;’, ‘asm’ or ‘__attribute__’ before ‘__loff_t’
 typedef __off64_t __loff_t; /* Type of file sizes and offsets (LFS).  */
                   ^~~~~~~~
/usr/include/bits/types.h:203:15: error: storage class specified for parameter ‘__caddr_t’
 typedef char *__caddr_t;
               ^~~~~~~~~
/usr/include/bits/types.h:206:25: error: storage class specified for parameter ‘__intptr_t’
 __STD_TYPE __SWORD_TYPE __intptr_t;
                         ^~~~~~~~~~
/usr/include/bits/types.h:209:23: error: storage class specified for parameter ‘__socklen_t’
 __STD_TYPE __U32_TYPE __socklen_t;
                       ^~~~~~~~~~~
/usr/include/bits/types.h:214:13: error: storage class specified for parameter ‘__sig_atomic_t’
 typedef int __sig_atomic_t;
             ^~~~~~~~~~~~~~
In file included from /usr/include/bits/types/__fpos_t.h:5,
                 from /usr/include/stdio.h:39,
                 from carros.c:7:
/usr/include/bits/types/__mbstate_t.h:21:3: error: storage class specified for parameter ‘__mbstate_t’
 } __mbstate_t;
   ^~~~~~~~~~~
In file included from /usr/include/stdio.h:39,
                 from carros.c:7:
/usr/include/bits/types/__fpos_t.h:12:3: error: expected specifier-qualifier-list before ‘__off_t’
   __off_t __pos;
   ^~~~~~~
/usr/include/bits/types/__fpos_t.h:14:3: error: storage class specified for parameter ‘__fpos_t’
 } __fpos_t;
   ^~~~~~~~
In file included from /usr/include/stdio.h:40,
                 from carros.c:7:
/usr/include/bits/types/__fpos64_t.h:12:3: error: expected specifier-qualifier-list before ‘__off64_t’
   __off64_t __pos;
   ^~~~~~~~~
/usr/include/bits/types/__fpos64_t.h:14:3: error: storage class specified for parameter ‘__fpos64_t’
 } __fpos64_t;
   ^~~~~~~~~~
In file included from /usr/include/stdio.h:41,
                 from carros.c:7:
/usr/include/bits/types/__FILE.h:5:25: error: storage class specified for parameter ‘__FILE’
 typedef struct _IO_FILE __FILE;
                         ^~~~~~
In file included from /usr/include/stdio.h:42,
                 from carros.c:7:
/usr/include/bits/types/FILE.h:7:25: error: storage class specified for parameter ‘FILE’
 typedef struct _IO_FILE FILE;
                         ^~~~
In file included from /usr/include/stdio.h:43,
                 from carros.c:7:
/usr/include/bits/types/struct_FILE.h:43:14: error: storage class specified for parameter ‘_IO_lock_t’
 typedef void _IO_lock_t;
              ^~~~~~~~~~
/usr/include/bits/types/struct_FILE.h:74:3: error: expected specifier-qualifier-list before ‘__off_t’
   __off_t _old_offset; /* This used to be _offset but it's too small.  */
   ^~~~~~~
In file included from carros.c:7:
/usr/include/stdio.h:84:18: error: expected ‘=’, ‘,’, ‘;’, ‘asm’ or ‘__attribute__’ before ‘fpos_t’
 typedef __fpos_t fpos_t;
                  ^~~~~~
In file included from carros.c:7:
/usr/include/stdio.h:137:13: error: expected ‘=’, ‘,’, ‘;’, ‘asm’ or ‘__attribute__’ before ‘*’ token
 extern FILE *stdin;  /* Standard input stream.  */
             ^
/usr/include/stdio.h:138:13: error: expected ‘=’, ‘,’, ‘;’, ‘asm’ or ‘__attribute__’ before ‘*’ token
 extern FILE *stdout;  /* Standard output stream.  */
             ^
/usr/include/stdio.h:139:13: error: expected ‘=’, ‘,’, ‘;’, ‘asm’ or ‘__attribute__’ before ‘*’ token
 extern FILE *stderr;  /* Standard error output stream.  */
             ^
/usr/include/stdio.h:146:12: error: storage class specified for parameter ‘remove’
 extern int remove (const char *__filename) __THROW;
            ^~~~~~
/usr/include/stdio.h:148:12: error: storage class specified for parameter ‘rename’
 extern int rename (const char *__old, const char *__new) __THROW;
            ^~~~~~
/usr/include/stdio.h:173:13: error: expected ‘=’, ‘,’, ‘;’, ‘asm’ or ‘__attribute__’ before ‘*’ token
 extern FILE *tmpfile (void) __wur;
             ^
/usr/include/stdio.h:187:14: error: storage class specified for parameter ‘tmpnam’
 extern char *tmpnam (char *__s) __THROW __wur;
              ^~~~~~
/usr/include/stdio.h:213:20: error: expected declaration specifiers or ‘...’ before ‘FILE’
 extern int fclose (FILE *__stream);
                    ^~~~
/usr/include/stdio.h:218:20: error: expected declaration specifiers or ‘...’ before ‘FILE’
 extern int fflush (FILE *__stream);
                    ^~~~
/usr/include/stdio.h:246:13: error: expected ‘=’, ‘,’, ‘;’, ‘asm’ or ‘__attribute__’ before ‘*’ token
 extern FILE *fopen (const char *__restrict __filename,
             ^
/usr/include/stdio.h:252:13: error: expected ‘=’, ‘,’, ‘;’, ‘asm’ or ‘__attribute__’ before ‘*’ token
 extern FILE *freopen (const char *__restrict __filename,
             ^
/usr/include/stdio.h:304:21: error: expected declaration specifiers or ‘...’ before ‘FILE’
 extern void setbuf (FILE *__restrict __stream, char *__restrict __buf) __THROW;
                     ^~~~
/usr/include/stdio.h:308:21: error: expected declaration specifiers or ‘...’ before ‘FILE’
 extern int setvbuf (FILE *__restrict __stream, char *__restrict __buf,
                     ^~~~
/usr/include/stdio.h:309:20: error: expected declaration specifiers or ‘...’ before ‘size_t’
       int __modes, size_t __n) __THROW;
                    ^~~~~~
/usr/include/stdio.h:326:21: error: expected declaration specifiers or ‘...’ before ‘FILE’
 extern int fprintf (FILE *__restrict __stream,
                     ^~~~
/usr/include/stdio.h:332:12: error: storage class specified for parameter ‘printf’
 extern int printf (const char *__restrict __format, ...);
            ^~~~~~
/usr/include/stdio.h:334:12: error: storage class specified for parameter ‘sprintf’
 extern int sprintf (char *__restrict __s,
            ^~~~~~~
/usr/include/stdio.h:341:22: error: expected declaration specifiers or ‘...’ before ‘FILE’
 extern int vfprintf (FILE *__restrict __s, const char *__restrict __format,
                      ^~~~
/usr/include/stdio.h:342:8: error: expected declaration specifiers or ‘...’ before ‘__gnuc_va_list’
        __gnuc_va_list __arg);
        ^~~~~~~~~~~~~~
/usr/include/stdio.h:347:54: error: expected declaration specifiers or ‘...’ before ‘__gnuc_va_list’
 extern int vprintf (const char *__restrict __format, __gnuc_va_list __arg);
                                                      ^~~~~~~~~~~~~~
/usr/include/stdio.h:350:8: error: expected declaration specifiers or ‘...’ before ‘__gnuc_va_list’
        __gnuc_va_list __arg) __THROWNL;
        ^~~~~~~~~~~~~~
/usr/include/stdio.h:354:44: error: expected declaration specifiers or ‘...’ before ‘size_t’
 extern int snprintf (char *__restrict __s, size_t __maxlen,
                                            ^~~~~~
/usr/include/stdio.h:358:45: error: expected declaration specifiers or ‘...’ before ‘size_t’
 extern int vsnprintf (char *__restrict __s, size_t __maxlen,
                                             ^~~~~~
/usr/include/stdio.h:359:42: error: expected declaration specifiers or ‘...’ before ‘__gnuc_va_list’
         const char *__restrict __format, __gnuc_va_list __arg)
                                          ^~~~~~~~~~~~~~
/usr/include/stdio.h:391:20: error: expected declaration specifiers or ‘...’ before ‘FILE’
 extern int fscanf (FILE *__restrict __stream,
                    ^~~~
/usr/include/stdio.h:397:12: error: storage class specified for parameter ‘scanf’
 extern int scanf (const char *__restrict __format, ...) __wur;
            ^~~~~
/usr/include/stdio.h:399:12: error: storage class specified for parameter ‘sscanf’
 extern int sscanf (const char *__restrict __s,
            ^~~~~~
In file included from /usr/include/features.h:450,
                 from /usr/include/bits/libc-header-start.h:33,
                 from /usr/include/stdio.h:27,
                 from carros.c:7:
/usr/include/stdio.h:407:12: error: expected declaration specifiers or ‘...’ before ‘FILE’
 extern int __REDIRECT (fscanf, (FILE *__restrict __stream,
            ^~~~~~~~~~
/usr/include/stdio.h:410:12: error: storage class specified for parameter ‘scanf’
 extern int __REDIRECT (scanf, (const char *__restrict __format, ...),
            ^~~~~~~~~~
/usr/include/stdio.h:410:12: error: redefinition of parameter ‘scanf’
In file included from carros.c:7:
/usr/include/stdio.h:397:12: note: previous definition of ‘scanf’ was here
 extern int scanf (const char *__restrict __format, ...) __wur;
            ^~~~~
In file included from /usr/include/features.h:450,
                 from /usr/include/bits/libc-header-start.h:33,
                 from /usr/include/stdio.h:27,
                 from carros.c:7:
/usr/include/stdio.h:412:12: error: storage class specified for parameter ‘sscanf’
 extern int __REDIRECT_NTH (sscanf, (const char *__restrict __s,
            ^~~~~~~~~~~~~~
/usr/include/stdio.h:412:12: error: redefinition of parameter ‘sscanf’
In file included from carros.c:7:
/usr/include/stdio.h:399:12: note: previous definition of ‘sscanf’ was here
 extern int sscanf (const char *__restrict __s,
            ^~~~~~
/usr/include/stdio.h:432:21: error: expected declaration specifiers or ‘...’ before ‘FILE’
 extern int vfscanf (FILE *__restrict __s, const char *__restrict __format,
                     ^~~~
/usr/include/stdio.h:433:7: error: expected declaration specifiers or ‘...’ before ‘__gnuc_va_list’
       __gnuc_va_list __arg)
       ^~~~~~~~~~~~~~
/usr/include/stdio.h:440:53: error: expected declaration specifiers or ‘...’ before ‘__gnuc_va_list’
 extern int vscanf (const char *__restrict __format, __gnuc_va_list __arg)
                                                     ^~~~~~~~~~~~~~
/usr/include/stdio.h:445:40: error: expected declaration specifiers or ‘...’ before ‘__gnuc_va_list’
       const char *__restrict __format, __gnuc_va_list __arg)
                                        ^~~~~~~~~~~~~~
In file included from /usr/include/features.h:450,
                 from /usr/include/bits/libc-header-start.h:33,
                 from /usr/include/stdio.h:27,
                 from carros.c:7:
/usr/include/stdio.h:451:12: error: expected declaration specifiers or ‘...’ before ‘FILE’
 extern int __REDIRECT (vfscanf,
            ^~~~~~~~~~
/usr/include/stdio.h:451:12: error: expected declaration specifiers or ‘...’ before ‘__gnuc_va_list’
 extern int __REDIRECT (vfscanf,
            ^~~~~~~~~~
/usr/include/stdio.h:456:12: error: expected declaration specifiers or ‘...’ before ‘__gnuc_va_list’
 extern int __REDIRECT (vscanf, (const char *__restrict __format,
            ^~~~~~~~~~
/usr/include/stdio.h:459:12: error: expected declaration specifiers or ‘...’ before ‘__gnuc_va_list’
 extern int __REDIRECT_NTH (vsscanf,
            ^~~~~~~~~~~~~~
In file included from carros.c:7:
/usr/include/stdio.h:485:19: error: expected declaration specifiers or ‘...’ before ‘FILE’
 extern int fgetc (FILE *__stream);
                   ^~~~
/usr/include/stdio.h:486:18: error: expected declaration specifiers or ‘...’ before ‘FILE’
 extern int getc (FILE *__stream);
                  ^~~~
/usr/include/stdio.h:492:12: error: storage class specified for parameter ‘getchar’
 extern int getchar (void);
            ^~~~~~~
/usr/include/stdio.h:521:28: error: expected declaration specifiers or ‘...’ before ‘FILE’
 extern int fputc (int __c, FILE *__stream);
                            ^~~~
/usr/include/stdio.h:522:27: error: expected declaration specifiers or ‘...’ before ‘FILE’
 extern int putc (int __c, FILE *__stream);
                           ^~~~
/usr/include/stdio.h:528:12: error: storage class specified for parameter ‘putchar’
 extern int putchar (int __c);
            ^~~~~~~
/usr/include/stdio.h:564:52: error: expected declaration specifiers or ‘...’ before ‘FILE’
 extern char *fgets (char *__restrict __s, int __n, FILE *__restrict __stream)
                                                    ^~~~
/usr/include/stdio.h:577:14: error: storage class specified for parameter ‘gets’
 extern char *gets (char *__s) __wur __attribute_deprecated__;
              ^~~~
/usr/include/stdio.h:626:47: error: expected declaration specifiers or ‘...’ before ‘FILE’
 extern int fputs (const char *__restrict __s, FILE *__restrict __stream);
                                               ^~~~
/usr/include/stdio.h:632:12: error: storage class specified for parameter ‘puts’
 extern int puts (const char *__s);
            ^~~~
/usr/include/stdio.h:639:29: error: expected declaration specifiers or ‘...’ before ‘FILE’
 extern int ungetc (int __c, FILE *__stream);
                             ^~~~
/usr/include/stdio.h:646:15: error: expected ‘=’, ‘,’, ‘;’, ‘asm’ or ‘__attribute__’ before ‘fread’
 extern size_t fread (void *__restrict __ptr, size_t __size,
               ^~~~~
/usr/include/stdio.h:652:15: error: expected ‘=’, ‘,’, ‘;’, ‘asm’ or ‘__attribute__’ before ‘fwrite’
 extern size_t fwrite (const void *__restrict __ptr, size_t __size,
               ^~~~~~
/usr/include/stdio.h:684:19: error: expected declaration specifiers or ‘...’ before ‘FILE’
 extern int fseek (FILE *__stream, long int __off, int __whence);
                   ^~~~
/usr/include/stdio.h:689:24: error: expected declaration specifiers or ‘...’ before ‘FILE’
 extern long int ftell (FILE *__stream) __wur;
                        ^~~~
/usr/include/stdio.h:694:21: error: expected declaration specifiers or ‘...’ before ‘FILE’
 extern void rewind (FILE *__stream);
                     ^~~~
/usr/include/stdio.h:731:21: error: expected declaration specifiers or ‘...’ before ‘FILE’
 extern int fgetpos (FILE *__restrict __stream, fpos_t *__restrict __pos);
                     ^~~~
/usr/include/stdio.h:731:48: error: unknown type name ‘fpos_t’
 extern int fgetpos (FILE *__restrict __stream, fpos_t *__restrict __pos);
                                                ^~~~~~
/usr/include/stdio.h:731:48: note: ‘fpos_t’ is defined in header ‘<stdio.h>’; did you forget to ‘#include <stdio.h>’?
/usr/include/stdio.h:134:1:
+#include <stdio.h>
 
/usr/include/stdio.h:731:48:
 extern int fgetpos (FILE *__restrict __stream, fpos_t *__restrict __pos);
                                                ^~~~~~
/usr/include/stdio.h:736:21: error: expected declaration specifiers or ‘...’ before ‘FILE’
 extern int fsetpos (FILE *__stream, const fpos_t *__pos);
                     ^~~~
/usr/include/stdio.h:736:43: error: unknown type name ‘fpos_t’
 extern int fsetpos (FILE *__stream, const fpos_t *__pos);
                                           ^~~~~~
/usr/include/stdio.h:757:23: error: expected declaration specifiers or ‘...’ before ‘FILE’
 extern void clearerr (FILE *__stream) __THROW;
                       ^~~~
/usr/include/stdio.h:759:18: error: expected declaration specifiers or ‘...’ before ‘FILE’
 extern int feof (FILE *__stream) __THROW __wur;
                  ^~~~
/usr/include/stdio.h:761:20: error: expected declaration specifiers or ‘...’ before ‘FILE’
 extern int ferror (FILE *__stream) __THROW __wur;
                    ^~~~
/usr/include/stdio.h:775:13: error: storage class specified for parameter ‘perror’
 extern void perror (const char *__s);
             ^~~~~~
In file included from carros.c:7:
/usr/include/stdio.h:858:21: error: expected declaration specifiers or ‘...’ before ‘FILE’
 extern int __uflow (FILE *);
                     ^~~~
/usr/include/stdio.h:859:24: error: expected declaration specifiers or ‘...’ before ‘FILE’
 extern int __overflow (FILE *, int);
                        ^~~~
In file included from /usr/include/stdlib.h:31,
                 from carros.c:8:
/usr/lib/gcc/x86_64-pc-linux-gnu/8.3.0/include/stddef.h:328:24: error: storage class specified for parameter ‘wchar_t’
 typedef __WCHAR_TYPE__ wchar_t;
                        ^~~~~~~
In file included from carros.c:8:
/usr/include/stdlib.h:62:5: error: storage class specified for parameter ‘div_t’
   } div_t;
     ^~~~~
/usr/include/stdlib.h:70:5: error: storage class specified for parameter ‘ldiv_t’
   } ldiv_t;
     ^~~~~~
/usr/include/stdlib.h:76:1: error: expected declaration specifiers before ‘__extension__’
 __extension__ typedef struct
 ^~~~~~~~~~~~~
/usr/include/stdlib.h:80:5: error: expected declaration specifiers before ‘lldiv_t’
   } lldiv_t;
     ^~~~~~~
/usr/include/stdlib.h:97:15: error: expected ‘=’, ‘,’, ‘;’, ‘asm’ or ‘__attribute__’ before ‘__ctype_get_mb_cur_max’
 extern size_t __ctype_get_mb_cur_max (void) __THROW __wur;
               ^~~~~~~~~~~~~~~~~~~~~~
/usr/include/stdlib.h:101:15: error: storage class specified for parameter ‘atof’
 extern double atof (const char *__nptr)
               ^~~~
/usr/include/stdlib.h:104:12: error: storage class specified for parameter ‘atoi’
 extern int atoi (const char *__nptr)
            ^~~~
/usr/include/stdlib.h:107:17: error: storage class specified for parameter ‘atol’
 extern long int atol (const char *__nptr)
                 ^~~~
/usr/include/stdlib.h:112:1: error: expected declaration specifiers before ‘__extension__’
 __extension__ extern long long int atoll (const char *__nptr)
 ^~~~~~~~~~~~~
/usr/include/stdlib.h:117:15: error: storage class specified for parameter ‘strtod’
 extern double strtod (const char *__restrict __nptr,
               ^~~~~~
/usr/include/stdlib.h:123:14: error: storage class specified for parameter ‘strtof’
 extern float strtof (const char *__restrict __nptr,
              ^~~~~~
/usr/include/stdlib.h:126:20: error: storage class specified for parameter ‘strtold’
 extern long double strtold (const char *__restrict __nptr,
                    ^~~~~~~
/usr/include/stdlib.h:176:17: error: storage class specified for parameter ‘strtol’
 extern long int strtol (const char *__restrict __nptr,
                 ^~~~~~
/usr/include/stdlib.h:180:26: error: storage class specified for parameter ‘strtoul’
 extern unsigned long int strtoul (const char *__restrict __nptr,
                          ^~~~~~~
/usr/include/stdlib.h:199:1: error: expected declaration specifiers before ‘__extension__’
 __extension__
 ^~~~~~~~~~~~~
/usr/include/stdlib.h:204:1: error: expected declaration specifiers before ‘__extension__’
 __extension__
 ^~~~~~~~~~~~~
/usr/include/stdlib.h:453:12: error: storage class specified for parameter ‘rand’
 extern int rand (void) __THROW;
            ^~~~
/usr/include/stdlib.h:455:13: error: storage class specified for parameter ‘srand’
 extern void srand (unsigned int __seed) __THROW;
             ^~~~~
/usr/include/stdlib.h:539:22: error: expected declaration specifiers or ‘...’ before ‘size_t’
 extern void *malloc (size_t __size) __THROW __attribute_malloc__ __wur;
                      ^~~~~~
/usr/include/stdlib.h:541:22: error: expected declaration specifiers or ‘...’ before ‘size_t’
 extern void *calloc (size_t __nmemb, size_t __size)
                      ^~~~~~
/usr/include/stdlib.h:541:38: error: expected declaration specifiers or ‘...’ before ‘size_t’
 extern void *calloc (size_t __nmemb, size_t __size)
                                      ^~~~~~
/usr/include/stdlib.h:549:36: error: expected declaration specifiers or ‘...’ before ‘size_t’
 extern void *realloc (void *__ptr, size_t __size)
                                    ^~~~~~
/usr/include/stdlib.h:563:13: error: storage class specified for parameter ‘free’
 extern void free (void *__ptr) __THROW;
             ^~~~
/usr/include/stdlib.h:588:13: error: storage class specified for parameter ‘abort’
 extern void abort (void) __THROW __attribute__ ((__noreturn__));
             ^~~~~
/usr/include/stdlib.h:592:12: error: storage class specified for parameter ‘atexit’
 extern int atexit (void (*__func) (void)) __THROW __nonnull ((1));
            ^~~~~~
/usr/include/stdlib.h:614:13: error: storage class specified for parameter ‘exit’
 extern void exit (int __status) __THROW __attribute__ ((__noreturn__));
             ^~~~
/usr/include/stdlib.h:626:13: error: storage class specified for parameter ‘_Exit’
 extern void _Exit (int __status) __THROW __attribute__ ((__noreturn__));
             ^~~~~
/usr/include/stdlib.h:631:14: error: storage class specified for parameter ‘getenv’
 extern char *getenv (const char *__name) __THROW __nonnull ((1)) __wur;
              ^~~~~~
/usr/include/stdlib.h:781:12: error: storage class specified for parameter ‘system’
 extern int system (const char *__command) __wur;
            ^~~~~~
/usr/include/stdlib.h:805:15: error: storage class specified for parameter ‘__compar_fn_t’
 typedef int (*__compar_fn_t) (const void *, const void *);
               ^~~~~~~~~~~~~
/usr/include/stdlib.h:818:9: error: expected declaration specifiers or ‘...’ before ‘size_t’
         size_t __nmemb, size_t __size, __compar_fn_t __compar)
         ^~~~~~
/usr/include/stdlib.h:818:25: error: expected declaration specifiers or ‘...’ before ‘size_t’
         size_t __nmemb, size_t __size, __compar_fn_t __compar)
                         ^~~~~~
/usr/include/stdlib.h:818:40: error: expected declaration specifiers or ‘...’ before ‘__compar_fn_t’
         size_t __nmemb, size_t __size, __compar_fn_t __compar)
                                        ^~~~~~~~~~~~~
/usr/include/stdlib.h:827:34: error: expected declaration specifiers or ‘...’ before ‘size_t’
 extern void qsort (void *__base, size_t __nmemb, size_t __size,
                                  ^~~~~~
/usr/include/stdlib.h:827:50: error: expected declaration specifiers or ‘...’ before ‘size_t’
 extern void qsort (void *__base, size_t __nmemb, size_t __size,
                                                  ^~~~~~
/usr/include/stdlib.h:828:6: error: expected declaration specifiers or ‘...’ before ‘__compar_fn_t’
      __compar_fn_t __compar) __nonnull ((1, 4));
      ^~~~~~~~~~~~~
/usr/include/stdlib.h:837:12: error: storage class specified for parameter ‘abs’
 extern int abs (int __x) __THROW __attribute__ ((__const__)) __wur;
            ^~~
/usr/include/stdlib.h:838:17: error: storage class specified for parameter ‘labs’
 extern long int labs (long int __x) __THROW __attribute__ ((__const__)) __wur;
                 ^~~~
/usr/include/stdlib.h:841:1: error: expected declaration specifiers before ‘__extension__’
 __extension__ extern long long int llabs (long long int __x)
 ^~~~~~~~~~~~~
/usr/include/stdlib.h:849:14: error: expected ‘=’, ‘,’, ‘;’, ‘asm’ or ‘__attribute__’ before ‘div’
 extern div_t div (int __numer, int __denom)
              ^~~
/usr/include/stdlib.h:851:15: error: expected ‘=’, ‘,’, ‘;’, ‘asm’ or ‘__attribute__’ before ‘ldiv’
 extern ldiv_t ldiv (long int __numer, long int __denom)
               ^~~~
/usr/include/stdlib.h:855:1: error: expected declaration specifiers before ‘__extension__’
 __extension__ extern lldiv_t lldiv (long long int __numer,
 ^~~~~~~~~~~~~
/usr/include/stdlib.h:919:36: error: expected declaration specifiers or ‘...’ before ‘size_t’
 extern int mblen (const char *__s, size_t __n) __THROW;
                                    ^~~~~~
/usr/include/stdlib.h:922:20: error: expected declaration specifiers or ‘...’ before ‘wchar_t’
 extern int mbtowc (wchar_t *__restrict __pwc,
                    ^~~~~~~
/usr/include/stdlib.h:923:34: error: expected declaration specifiers or ‘...’ before ‘size_t’
      const char *__restrict __s, size_t __n) __THROW;
                                  ^~~~~~
/usr/include/stdlib.h:926:31: error: expected declaration specifiers or ‘...’ before ‘wchar_t’
 extern int wctomb (char *__s, wchar_t __wchar) __THROW;
                               ^~~~~~~
/usr/include/stdlib.h:930:15: error: expected ‘=’, ‘,’, ‘;’, ‘asm’ or ‘__attribute__’ before ‘mbstowcs’
 extern size_t mbstowcs (wchar_t *__restrict  __pwcs,
               ^~~~~~~~
/usr/include/stdlib.h:933:15: error: expected ‘=’, ‘,’, ‘;’, ‘asm’ or ‘__attribute__’ before ‘wcstombs’
 extern size_t wcstombs (char *__restrict __s,
               ^~~~~~~~
In file included from carros.c:9:
/usr/include/string.h:43:8: error: expected declaration specifiers or ‘...’ before ‘size_t’
        size_t __n) __THROW __nonnull ((1, 2));
        ^~~~~~
/usr/include/string.h:46:56: error: expected declaration specifiers or ‘...’ before ‘size_t’
 extern void *memmove (void *__dest, const void *__src, size_t __n)
                                                        ^~~~~~
/usr/include/string.h:60:42: error: expected declaration specifiers or ‘...’ before ‘size_t’
 extern void *memset (void *__s, int __c, size_t __n) __THROW __nonnull ((1));
                                          ^~~~~~
/usr/include/string.h:63:56: error: expected declaration specifiers or ‘...’ before ‘size_t’
 extern int memcmp (const void *__s1, const void *__s2, size_t __n)
                                                        ^~~~~~
/usr/include/string.h:90:48: error: expected declaration specifiers or ‘...’ before ‘size_t’
 extern void *memchr (const void *__s, int __c, size_t __n)
                                                ^~~~~~
/usr/include/string.h:121:14: error: storage class specified for parameter ‘strcpy’
 extern char *strcpy (char *__restrict __dest, const char *__restrict __src)
              ^~~~~~
/usr/include/string.h:125:39: error: expected declaration specifiers or ‘...’ before ‘size_t’
         const char *__restrict __src, size_t __n)
                                       ^~~~~~
/usr/include/string.h:129:14: error: storage class specified for parameter ‘strcat’
 extern char *strcat (char *__restrict __dest, const char *__restrict __src)
              ^~~~~~
/usr/include/string.h:133:9: error: expected declaration specifiers or ‘...’ before ‘size_t’
         size_t __n) __THROW __nonnull ((1, 2));
         ^~~~~~
/usr/include/string.h:136:12: error: storage class specified for parameter ‘strcmp’
 extern int strcmp (const char *__s1, const char *__s2)
            ^~~~~~
/usr/include/string.h:139:57: error: expected declaration specifiers or ‘...’ before ‘size_t’
 extern int strncmp (const char *__s1, const char *__s2, size_t __n)
                                                         ^~~~~~
/usr/include/string.h:143:12: error: storage class specified for parameter ‘strcoll’
 extern int strcoll (const char *__s1, const char *__s2)
            ^~~~~~~
/usr/include/string.h:146:15: error: expected ‘=’, ‘,’, ‘;’, ‘asm’ or ‘__attribute__’ before ‘strxfrm’
 extern size_t strxfrm (char *__restrict __dest,
               ^~~~~~~
/usr/include/string.h:225:14: error: storage class specified for parameter ‘strchr’
 extern char *strchr (const char *__s, int __c)
              ^~~~~~
/usr/include/string.h:252:14: error: storage class specified for parameter ‘strrchr’
 extern char *strrchr (const char *__s, int __c)
              ^~~~~~~
/usr/include/string.h:272:15: error: expected ‘=’, ‘,’, ‘;’, ‘asm’ or ‘__attribute__’ before ‘strcspn’
 extern size_t strcspn (const char *__s, const char *__reject)
               ^~~~~~~
/usr/include/string.h:276:15: error: expected ‘=’, ‘,’, ‘;’, ‘asm’ or ‘__attribute__’ before ‘strspn’
 extern size_t strspn (const char *__s, const char *__accept)
               ^~~~~~
/usr/include/string.h:302:14: error: storage class specified for parameter ‘strpbrk’
 extern char *strpbrk (const char *__s, const char *__accept)
              ^~~~~~~
/usr/include/string.h:329:14: error: storage class specified for parameter ‘strstr’
 extern char *strstr (const char *__haystack, const char *__needle)
              ^~~~~~
/usr/include/string.h:335:14: error: storage class specified for parameter ‘strtok’
 extern char *strtok (char *__restrict __s, const char *__restrict __delim)
              ^~~~~~
/usr/include/string.h:340:14: error: storage class specified for parameter ‘__strtok_r’
 extern char *__strtok_r (char *__restrict __s,
              ^~~~~~~~~~
/usr/include/string.h:384:15: error: expected ‘=’, ‘,’, ‘;’, ‘asm’ or ‘__attribute__’ before ‘strlen’
 extern size_t strlen (const char *__s)
               ^~~~~~
/usr/include/string.h:396:14: error: storage class specified for parameter ‘strerror’
 extern char *strerror (int __errnum) __THROW;
              ^~~~~~~~
carros.c:13:54: error: expected ‘=’, ‘,’, ‘;’, ‘asm’ or ‘__attribute__’ before ‘{’ token
 int readCar(char *file, pCar *pCarros, int *nCarros) {
                                                      ^
carros.c:81:50: error: expected ‘=’, ‘,’, ‘;’, ‘asm’ or ‘__attribute__’ before ‘{’ token
 int verificaCarro(Car carro, int n, int carId[]) {
                                                  ^
carros.c:104:23: error: expected ‘=’, ‘,’, ‘;’, ‘asm’ or ‘__attribute__’ before ‘{’ token
 int salvaC(psS saveS) {
                       ^
carros.c:126:26: error: expected ‘=’, ‘,’, ‘;’, ‘asm’ or ‘__attribute__’ before ‘{’ token
 void printCar(psS saveS) {
                          ^
carros.c:136:45: error: expected ‘=’, ‘,’, ‘;’, ‘asm’ or ‘__attribute__’ before ‘{’ token
 int carDis(psS saveS, int *max, int **carL) {
                                             ^
In file included from carros.c:6:
leitura.h:64:5: error: old-style parameter declarations in prototyped function definition
 int trocaPon(pCon *combina, pCon *aux, pCon *antaux)
     ^~~~~~~~
carros.c:159: error: expected ‘{’ at end of input
 
 
In file included from leitura.c:6:
carros.h: In function ‘trocaPon’:
carros.h:10:23: error: storage class specified for parameter ‘Pi’
 typedef struct piloto Pi, *pPi;
                       ^~
carros.h:10:28: error: storage class specified for parameter ‘pPi’
 typedef struct piloto Pi, *pPi;
                            ^~~
carros.h:11:22: error: storage class specified for parameter ‘Car’
 typedef struct carro Car, *pCar;
                      ^~~
carros.h:11:28: error: storage class specified for parameter ‘pCar’
 typedef struct carro Car, *pCar;
                            ^~~~
carros.h:12:23: error: storage class specified for parameter ‘sS’
 typedef struct saverS sS, *psS;
                       ^~
carros.h:12:28: error: storage class specified for parameter ‘psS’
 typedef struct saverS sS, *psS;
                            ^~~
carros.h:16:1: warning: empty declaration
 struct carro {
 ^~~~~~
carros.h:28:25: error: expected declaration specifiers or ‘...’ before ‘pCar’
 int readCar(char *file, pCar *pCarros, int *nCarros);
                         ^~~~
carros.h:31:19: error: expected declaration specifiers or ‘...’ before ‘Car’
 int verificaCarro(Car carro, int n, int carId[]);
                   ^~~
carros.h:34:12: error: expected declaration specifiers or ‘...’ before ‘psS’
 int salvaC(psS saveS);
            ^~~
carros.h:37:15: error: expected declaration specifiers or ‘...’ before ‘psS’
 void printCar(psS saveS) ;
               ^~~
carros.h:41:13: error: expected declaration specifiers or ‘...’ before ‘psS’
 int zcarDis(psS saveS, int *max, int **carL) ;
             ^~~
In file included from leitura.c:7:
menus.h:13:27: error: storage class specified for parameter ‘Con’
 typedef struct conbinacao Con, *pCon;
                           ^~~
menus.h:13:33: error: storage class specified for parameter ‘pCon’
 typedef struct conbinacao Con, *pCon;
                                 ^~~~
menus.h:45:5: error: expected specifier-qualifier-list before ‘pCon’
     pCon prox;
     ^~~~
menus.h:15:1: warning: empty declaration
 struct conbinacao{
 ^~~~~~
menus.h:53:14: error: expected declaration specifiers or ‘...’ before ‘psS’
 int mainmenu(psS saveS);
              ^~~
menus.h:56:17: error: expected declaration specifiers or ‘...’ before ‘psS’
 int corridamenu(psS saveS, int voltas, int comp, int MaxAll);
                 ^~~
menus.h:59:1: error: expected declaration specifiers before ‘pCon’
 pCon adicionaCon(pCon inicio, int piloto, int carro);
 ^~~~
menus.h:64:18: error: expected declaration specifiers or ‘...’ before ‘psS’
 int menufinalcor(psS saveS, pCon combina, int nMaxP, int voltas);
                  ^~~
menus.h:64:29: error: expected declaration specifiers or ‘...’ before ‘pCon’
 int menufinalcor(psS saveS, pCon combina, int nMaxP, int voltas);
                             ^~~~
menus.h:67:14: error: expected declaration specifiers or ‘...’ before ‘psS’
 void freeall(psS saveS);
              ^~~
menus.h:70:16: error: expected declaration specifiers or ‘...’ before ‘psS’
 int vercorrida(psS saveS,pCon combina, int nMaxP, int voltas);
                ^~~
menus.h:70:26: error: expected declaration specifiers or ‘...’ before ‘pCon’
 int vercorrida(psS saveS,pCon combina, int nMaxP, int voltas);
                          ^~~~
In file included from leitura.c:8:
pilotos.h:13:23: error: storage class specified for parameter ‘Pi’
 typedef struct piloto Pi, *pPi;
                       ^~
pilotos.h:13:23: error: redefinition of parameter ‘Pi’
In file included from leitura.c:6:
carros.h:10:23: note: previous definition of ‘Pi’ was here
 typedef struct piloto Pi, *pPi;
                       ^~
In file included from leitura.c:8:
pilotos.h:13:28: error: storage class specified for parameter ‘pPi’
 typedef struct piloto Pi, *pPi;
                            ^~~
pilotos.h:13:28: error: redefinition of parameter ‘pPi’
In file included from leitura.c:6:
carros.h:10:28: note: previous definition of ‘pPi’ was here
 typedef struct piloto Pi, *pPi;
                            ^~~
In file included from leitura.c:8:
pilotos.h:14:22: error: storage class specified for parameter ‘Car’
 typedef struct carro Car, *pCar;
                      ^~~
pilotos.h:14:22: error: conflicting types for ‘Car’
In file included from leitura.c:6:
carros.h:11:22: note: previous definition of ‘Car’ was here
 typedef struct carro Car, *pCar;
                      ^~~
In file included from leitura.c:8:
pilotos.h:14:28: error: storage class specified for parameter ‘pCar’
 typedef struct carro Car, *pCar;
                            ^~~~
pilotos.h:14:28: error: conflicting types for ‘pCar’
In file included from leitura.c:6:
carros.h:11:28: note: previous definition of ‘pCar’ was here
 typedef struct carro Car, *pCar;
                            ^~~~
In file included from leitura.c:8:
pilotos.h:15:23: error: storage class specified for parameter ‘sS’
 typedef struct saverS sS, *psS;
                       ^~
pilotos.h:15:23: error: redefinition of parameter ‘sS’
In file included from leitura.c:6:
carros.h:12:23: note: previous definition of ‘sS’ was here
 typedef struct saverS sS, *psS;
                       ^~
In file included from leitura.c:8:
pilotos.h:15:28: error: storage class specified for parameter ‘psS’
 typedef struct saverS sS, *psS;
                            ^~~
pilotos.h:15:28: error: redefinition of parameter ‘psS’
In file included from leitura.c:6:
carros.h:12:28: note: previous definition of ‘psS’ was here
 typedef struct saverS sS, *psS;
                            ^~~
In file included from leitura.c:8:
pilotos.h:18:1: warning: empty declaration
 struct piloto {
 ^~~~~~
pilotos.h:46:29: error: expected declaration specifiers or ‘...’ before ‘pPi’
 int readPilotos(char *file, pPi *pPilotos, int *nPilotos) ;
                             ^~~
pilotos.h:49:20: error: expected declaration specifiers or ‘...’ before ‘Pi’
 int verificaPiloto(Pi piloto, int n, int piId[]);
                    ^~
pilotos.h:52:12: error: expected declaration specifiers or ‘...’ before ‘psS’
 int salvaP(psS saveS) ;
            ^~~
pilotos.h:55:14: error: expected declaration specifiers or ‘...’ before ‘psS’
 void printPi(psS saveS);
              ^~~
In file included from /usr/include/stdio.h:33,
                 from leitura.c:10:
/usr/lib/gcc/x86_64-pc-linux-gnu/8.3.0/include/stddef.h:216:23: error: storage class specified for parameter ‘size_t’
 typedef __SIZE_TYPE__ size_t;
                       ^~~~~~
In file included from /usr/include/stdio.h:36,
                 from leitura.c:10:
/usr/lib/gcc/x86_64-pc-linux-gnu/8.3.0/include/stdarg.h:40:27: error: storage class specified for parameter ‘__gnuc_va_list’
 typedef __builtin_va_list __gnuc_va_list;
                           ^~~~~~~~~~~~~~
In file included from /usr/include/stdio.h:38,
                 from leitura.c:10:
/usr/include/bits/types.h:31:23: error: storage class specified for parameter ‘__u_char’
 typedef unsigned char __u_char;
                       ^~~~~~~~
/usr/include/bits/types.h:32:28: error: storage class specified for parameter ‘__u_short’
 typedef unsigned short int __u_short;
                            ^~~~~~~~~
/usr/include/bits/types.h:33:22: error: storage class specified for parameter ‘__u_int’
 typedef unsigned int __u_int;
                      ^~~~~~~
/usr/include/bits/types.h:34:27: error: storage class specified for parameter ‘__u_long’
 typedef unsigned long int __u_long;
                           ^~~~~~~~
/usr/include/bits/types.h:37:21: error: storage class specified for parameter ‘__int8_t’
 typedef signed char __int8_t;
                     ^~~~~~~~
/usr/include/bits/types.h:38:23: error: storage class specified for parameter ‘__uint8_t’
 typedef unsigned char __uint8_t;
                       ^~~~~~~~~
/usr/include/bits/types.h:39:26: error: storage class specified for parameter ‘__int16_t’
 typedef signed short int __int16_t;
                          ^~~~~~~~~
/usr/include/bits/types.h:40:28: error: storage class specified for parameter ‘__uint16_t’
 typedef unsigned short int __uint16_t;
                            ^~~~~~~~~~
/usr/include/bits/types.h:41:20: error: storage class specified for parameter ‘__int32_t’
 typedef signed int __int32_t;
                    ^~~~~~~~~
/usr/include/bits/types.h:42:22: error: storage class specified for parameter ‘__uint32_t’
 typedef unsigned int __uint32_t;
                      ^~~~~~~~~~
/usr/include/bits/types.h:44:25: error: storage class specified for parameter ‘__int64_t’
 typedef signed long int __int64_t;
                         ^~~~~~~~~
/usr/include/bits/types.h:45:27: error: storage class specified for parameter ‘__uint64_t’
 typedef unsigned long int __uint64_t;
                           ^~~~~~~~~~
/usr/include/bits/types.h:52:18: error: expected ‘=’, ‘,’, ‘;’, ‘asm’ or ‘__attribute__’ before ‘__int_least8_t’
 typedef __int8_t __int_least8_t;
                  ^~~~~~~~~~~~~~
/usr/include/bits/types.h:53:19: error: expected ‘=’, ‘,’, ‘;’, ‘asm’ or ‘__attribute__’ before ‘__uint_least8_t’
 typedef __uint8_t __uint_least8_t;
                   ^~~~~~~~~~~~~~~
/usr/include/bits/types.h:54:19: error: expected ‘=’, ‘,’, ‘;’, ‘asm’ or ‘__attribute__’ before ‘__int_least16_t’
 typedef __int16_t __int_least16_t;
                   ^~~~~~~~~~~~~~~
/usr/include/bits/types.h:55:20: error: expected ‘=’, ‘,’, ‘;’, ‘asm’ or ‘__attribute__’ before ‘__uint_least16_t’
 typedef __uint16_t __uint_least16_t;
                    ^~~~~~~~~~~~~~~~
/usr/include/bits/types.h:56:19: error: expected ‘=’, ‘,’, ‘;’, ‘asm’ or ‘__attribute__’ before ‘__int_least32_t’
 typedef __int32_t __int_least32_t;
                   ^~~~~~~~~~~~~~~
/usr/include/bits/types.h:57:20: error: expected ‘=’, ‘,’, ‘;’, ‘asm’ or ‘__attribute__’ before ‘__uint_least32_t’
 typedef __uint32_t __uint_least32_t;
                    ^~~~~~~~~~~~~~~~
/usr/include/bits/types.h:58:19: error: expected ‘=’, ‘,’, ‘;’, ‘asm’ or ‘__attribute__’ before ‘__int_least64_t’
 typedef __int64_t __int_least64_t;
                   ^~~~~~~~~~~~~~~
/usr/include/bits/types.h:59:20: error: expected ‘=’, ‘,’, ‘;’, ‘asm’ or ‘__attribute__’ before ‘__uint_least64_t’
 typedef __uint64_t __uint_least64_t;
                    ^~~~~~~~~~~~~~~~
/usr/include/bits/types.h:63:18: error: storage class specified for parameter ‘__quad_t’
 typedef long int __quad_t;
                  ^~~~~~~~
/usr/include/bits/types.h:64:27: error: storage class specified for parameter ‘__u_quad_t’
 typedef unsigned long int __u_quad_t;
                           ^~~~~~~~~~
/usr/include/bits/types.h:72:18: error: storage class specified for parameter ‘__intmax_t’
 typedef long int __intmax_t;
                  ^~~~~~~~~~
/usr/include/bits/types.h:73:27: error: storage class specified for parameter ‘__uintmax_t’
 typedef unsigned long int __uintmax_t;
                           ^~~~~~~~~~~
In file included from /usr/include/stdio.h:38,
                 from leitura.c:10:
/usr/include/bits/types.h:145:25: error: storage class specified for parameter ‘__dev_t’
 __STD_TYPE __DEV_T_TYPE __dev_t; /* Type of device numbers.  */
                         ^~~~~~~
/usr/include/bits/types.h:146:25: error: storage class specified for parameter ‘__uid_t’
 __STD_TYPE __UID_T_TYPE __uid_t; /* Type of user identifications.  */
                         ^~~~~~~
/usr/include/bits/types.h:147:25: error: storage class specified for parameter ‘__gid_t’
 __STD_TYPE __GID_T_TYPE __gid_t; /* Type of group identifications.  */
                         ^~~~~~~
/usr/include/bits/types.h:148:25: error: storage class specified for parameter ‘__ino_t’
 __STD_TYPE __INO_T_TYPE __ino_t; /* Type of file serial numbers.  */
                         ^~~~~~~
/usr/include/bits/types.h:149:27: error: storage class specified for parameter ‘__ino64_t’
 __STD_TYPE __INO64_T_TYPE __ino64_t; /* Type of file serial numbers (LFS).*/
                           ^~~~~~~~~
/usr/include/bits/types.h:150:26: error: storage class specified for parameter ‘__mode_t’
 __STD_TYPE __MODE_T_TYPE __mode_t; /* Type of file attribute bitmasks.  */
                          ^~~~~~~~
/usr/include/bits/types.h:151:27: error: storage class specified for parameter ‘__nlink_t’
 __STD_TYPE __NLINK_T_TYPE __nlink_t; /* Type of file link counts.  */
                           ^~~~~~~~~
/usr/include/bits/types.h:152:25: error: storage class specified for parameter ‘__off_t’
 __STD_TYPE __OFF_T_TYPE __off_t; /* Type of file sizes and offsets.  */
                         ^~~~~~~
/usr/include/bits/types.h:153:27: error: storage class specified for parameter ‘__off64_t’
 __STD_TYPE __OFF64_T_TYPE __off64_t; /* Type of file sizes and offsets (LFS).  */
                           ^~~~~~~~~
/usr/include/bits/types.h:154:25: error: storage class specified for parameter ‘__pid_t’
 __STD_TYPE __PID_T_TYPE __pid_t; /* Type of process identifications.  */
                         ^~~~~~~
/usr/include/bits/types.h:155:26: error: storage class specified for parameter ‘__fsid_t’
 __STD_TYPE __FSID_T_TYPE __fsid_t; /* Type of file system IDs.  */
                          ^~~~~~~~
/usr/include/bits/types.h:156:27: error: storage class specified for parameter ‘__clock_t’
 __STD_TYPE __CLOCK_T_TYPE __clock_t; /* Type of CPU usage counts.  */
                           ^~~~~~~~~
/usr/include/bits/types.h:157:26: error: storage class specified for parameter ‘__rlim_t’
 __STD_TYPE __RLIM_T_TYPE __rlim_t; /* Type for resource measurement.  */
                          ^~~~~~~~
/usr/include/bits/types.h:158:28: error: storage class specified for parameter ‘__rlim64_t’
 __STD_TYPE __RLIM64_T_TYPE __rlim64_t; /* Type for resource measurement (LFS).  */
                            ^~~~~~~~~~
/usr/include/bits/types.h:159:24: error: storage class specified for parameter ‘__id_t’
 __STD_TYPE __ID_T_TYPE __id_t;  /* General type for IDs.  */
                        ^~~~~~
/usr/include/bits/types.h:160:26: error: storage class specified for parameter ‘__time_t’
 __STD_TYPE __TIME_T_TYPE __time_t; /* Seconds since the Epoch.  */
                          ^~~~~~~~
/usr/include/bits/types.h:161:30: error: storage class specified for parameter ‘__useconds_t’
 __STD_TYPE __USECONDS_T_TYPE __useconds_t; /* Count of microseconds.  */
                              ^~~~~~~~~~~~
/usr/include/bits/types.h:162:31: error: storage class specified for parameter ‘__suseconds_t’
 __STD_TYPE __SUSECONDS_T_TYPE __suseconds_t; /* Signed count of microseconds.  */
                               ^~~~~~~~~~~~~
/usr/include/bits/types.h:164:27: error: storage class specified for parameter ‘__daddr_t’
 __STD_TYPE __DADDR_T_TYPE __daddr_t; /* The type of a disk address.  */
                           ^~~~~~~~~
/usr/include/bits/types.h:165:25: error: storage class specified for parameter ‘__key_t’
 __STD_TYPE __KEY_T_TYPE __key_t; /* Type of an IPC key.  */
                         ^~~~~~~
/usr/include/bits/types.h:168:29: error: storage class specified for parameter ‘__clockid_t’
 __STD_TYPE __CLOCKID_T_TYPE __clockid_t;
                             ^~~~~~~~~~~
/usr/include/bits/types.h:171:27: error: storage class specified for parameter ‘__timer_t’
 __STD_TYPE __TIMER_T_TYPE __timer_t;
                           ^~~~~~~~~
/usr/include/bits/types.h:174:29: error: storage class specified for parameter ‘__blksize_t’
 __STD_TYPE __BLKSIZE_T_TYPE __blksize_t;
                             ^~~~~~~~~~~
/usr/include/bits/types.h:179:28: error: storage class specified for parameter ‘__blkcnt_t’
 __STD_TYPE __BLKCNT_T_TYPE __blkcnt_t;
                            ^~~~~~~~~~
/usr/include/bits/types.h:180:30: error: storage class specified for parameter ‘__blkcnt64_t’
 __STD_TYPE __BLKCNT64_T_TYPE __blkcnt64_t;
                              ^~~~~~~~~~~~
/usr/include/bits/types.h:183:30: error: storage class specified for parameter ‘__fsblkcnt_t’
 __STD_TYPE __FSBLKCNT_T_TYPE __fsblkcnt_t;
                              ^~~~~~~~~~~~
/usr/include/bits/types.h:184:32: error: storage class specified for parameter ‘__fsblkcnt64_t’
 __STD_TYPE __FSBLKCNT64_T_TYPE __fsblkcnt64_t;
                                ^~~~~~~~~~~~~~
/usr/include/bits/types.h:187:30: error: storage class specified for parameter ‘__fsfilcnt_t’
 __STD_TYPE __FSFILCNT_T_TYPE __fsfilcnt_t;
                              ^~~~~~~~~~~~
/usr/include/bits/types.h:188:32: error: storage class specified for parameter ‘__fsfilcnt64_t’
 __STD_TYPE __FSFILCNT64_T_TYPE __fsfilcnt64_t;
                                ^~~~~~~~~~~~~~
/usr/include/bits/types.h:191:28: error: storage class specified for parameter ‘__fsword_t’
 __STD_TYPE __FSWORD_T_TYPE __fsword_t;
                            ^~~~~~~~~~
/usr/include/bits/types.h:193:27: error: storage class specified for parameter ‘__ssize_t’
 __STD_TYPE __SSIZE_T_TYPE __ssize_t; /* Type of a byte count, or error.  */
                           ^~~~~~~~~
/usr/include/bits/types.h:196:33: error: storage class specified for parameter ‘__syscall_slong_t’
 __STD_TYPE __SYSCALL_SLONG_TYPE __syscall_slong_t;
                                 ^~~~~~~~~~~~~~~~~
/usr/include/bits/types.h:198:33: error: storage class specified for parameter ‘__syscall_ulong_t’
 __STD_TYPE __SYSCALL_ULONG_TYPE __syscall_ulong_t;
                                 ^~~~~~~~~~~~~~~~~
/usr/include/bits/types.h:202:19: error: expected ‘=’, ‘,’, ‘;’, ‘asm’ or ‘__attribute__’ before ‘__loff_t’
 typedef __off64_t __loff_t; /* Type of file sizes and offsets (LFS).  */
                   ^~~~~~~~
/usr/include/bits/types.h:203:15: error: storage class specified for parameter ‘__caddr_t’
 typedef char *__caddr_t;
               ^~~~~~~~~
/usr/include/bits/types.h:206:25: error: storage class specified for parameter ‘__intptr_t’
 __STD_TYPE __SWORD_TYPE __intptr_t;
                         ^~~~~~~~~~
/usr/include/bits/types.h:209:23: error: storage class specified for parameter ‘__socklen_t’
 __STD_TYPE __U32_TYPE __socklen_t;
                       ^~~~~~~~~~~
/usr/include/bits/types.h:214:13: error: storage class specified for parameter ‘__sig_atomic_t’
 typedef int __sig_atomic_t;
             ^~~~~~~~~~~~~~
In file included from /usr/include/bits/types/__fpos_t.h:5,
                 from /usr/include/stdio.h:39,
                 from leitura.c:10:
/usr/include/bits/types/__mbstate_t.h:21:3: error: storage class specified for parameter ‘__mbstate_t’
 } __mbstate_t;
   ^~~~~~~~~~~
In file included from /usr/include/stdio.h:39,
                 from leitura.c:10:
/usr/include/bits/types/__fpos_t.h:12:3: error: expected specifier-qualifier-list before ‘__off_t’
   __off_t __pos;
   ^~~~~~~
/usr/include/bits/types/__fpos_t.h:14:3: error: storage class specified for parameter ‘__fpos_t’
 } __fpos_t;
   ^~~~~~~~
In file included from /usr/include/stdio.h:40,
                 from leitura.c:10:
/usr/include/bits/types/__fpos64_t.h:12:3: error: expected specifier-qualifier-list before ‘__off64_t’
   __off64_t __pos;
   ^~~~~~~~~
/usr/include/bits/types/__fpos64_t.h:14:3: error: storage class specified for parameter ‘__fpos64_t’
 } __fpos64_t;
   ^~~~~~~~~~
In file included from /usr/include/stdio.h:41,
                 from leitura.c:10:
/usr/include/bits/types/__FILE.h:5:25: error: storage class specified for parameter ‘__FILE’
 typedef struct _IO_FILE __FILE;
                         ^~~~~~
In file included from /usr/include/stdio.h:42,
                 from leitura.c:10:
/usr/include/bits/types/FILE.h:7:25: error: storage class specified for parameter ‘FILE’
 typedef struct _IO_FILE FILE;
                         ^~~~
In file included from /usr/include/stdio.h:43,
                 from leitura.c:10:
/usr/include/bits/types/struct_FILE.h:43:14: error: storage class specified for parameter ‘_IO_lock_t’
 typedef void _IO_lock_t;
              ^~~~~~~~~~
/usr/include/bits/types/struct_FILE.h:74:3: error: expected specifier-qualifier-list before ‘__off_t’
   __off_t _old_offset; /* This used to be _offset but it's too small.  */
   ^~~~~~~
In file included from leitura.c:10:
/usr/include/stdio.h:84:18: error: expected ‘=’, ‘,’, ‘;’, ‘asm’ or ‘__attribute__’ before ‘fpos_t’
 typedef __fpos_t fpos_t;
                  ^~~~~~
In file included from leitura.c:10:
/usr/include/stdio.h:137:13: error: expected ‘=’, ‘,’, ‘;’, ‘asm’ or ‘__attribute__’ before ‘*’ token
 extern FILE *stdin;  /* Standard input stream.  */
             ^
/usr/include/stdio.h:138:13: error: expected ‘=’, ‘,’, ‘;’, ‘asm’ or ‘__attribute__’ before ‘*’ token
 extern FILE *stdout;  /* Standard output stream.  */
             ^
/usr/include/stdio.h:139:13: error: expected ‘=’, ‘,’, ‘;’, ‘asm’ or ‘__attribute__’ before ‘*’ token
 extern FILE *stderr;  /* Standard error output stream.  */
             ^
/usr/include/stdio.h:146:12: error: storage class specified for parameter ‘remove’
 extern int remove (const char *__filename) __THROW;
            ^~~~~~
/usr/include/stdio.h:148:12: error: storage class specified for parameter ‘rename’
 extern int rename (const char *__old, const char *__new) __THROW;
            ^~~~~~
/usr/include/stdio.h:173:13: error: expected ‘=’, ‘,’, ‘;’, ‘asm’ or ‘__attribute__’ before ‘*’ token
 extern FILE *tmpfile (void) __wur;
             ^
/usr/include/stdio.h:187:14: error: storage class specified for parameter ‘tmpnam’
 extern char *tmpnam (char *__s) __THROW __wur;
              ^~~~~~
/usr/include/stdio.h:213:20: error: expected declaration specifiers or ‘...’ before ‘FILE’
 extern int fclose (FILE *__stream);
                    ^~~~
/usr/include/stdio.h:218:20: error: expected declaration specifiers or ‘...’ before ‘FILE’
 extern int fflush (FILE *__stream);
                    ^~~~
/usr/include/stdio.h:246:13: error: expected ‘=’, ‘,’, ‘;’, ‘asm’ or ‘__attribute__’ before ‘*’ token
 extern FILE *fopen (const char *__restrict __filename,
             ^
/usr/include/stdio.h:252:13: error: expected ‘=’, ‘,’, ‘;’, ‘asm’ or ‘__attribute__’ before ‘*’ token
 extern FILE *freopen (const char *__restrict __filename,
             ^
/usr/include/stdio.h:304:21: error: expected declaration specifiers or ‘...’ before ‘FILE’
 extern void setbuf (FILE *__restrict __stream, char *__restrict __buf) __THROW;
                     ^~~~
/usr/include/stdio.h:308:21: error: expected declaration specifiers or ‘...’ before ‘FILE’
 extern int setvbuf (FILE *__restrict __stream, char *__restrict __buf,
                     ^~~~
/usr/include/stdio.h:309:20: error: expected declaration specifiers or ‘...’ before ‘size_t’
       int __modes, size_t __n) __THROW;
                    ^~~~~~
/usr/include/stdio.h:326:21: error: expected declaration specifiers or ‘...’ before ‘FILE’
 extern int fprintf (FILE *__restrict __stream,
                     ^~~~
/usr/include/stdio.h:332:12: error: storage class specified for parameter ‘printf’
 extern int printf (const char *__restrict __format, ...);
            ^~~~~~
/usr/include/stdio.h:334:12: error: storage class specified for parameter ‘sprintf’
 extern int sprintf (char *__restrict __s,
            ^~~~~~~
/usr/include/stdio.h:341:22: error: expected declaration specifiers or ‘...’ before ‘FILE’
 extern int vfprintf (FILE *__restrict __s, const char *__restrict __format,
                      ^~~~
/usr/include/stdio.h:342:8: error: expected declaration specifiers or ‘...’ before ‘__gnuc_va_list’
        __gnuc_va_list __arg);
        ^~~~~~~~~~~~~~
/usr/include/stdio.h:347:54: error: expected declaration specifiers or ‘...’ before ‘__gnuc_va_list’
 extern int vprintf (const char *__restrict __format, __gnuc_va_list __arg);
                                                      ^~~~~~~~~~~~~~
/usr/include/stdio.h:350:8: error: expected declaration specifiers or ‘...’ before ‘__gnuc_va_list’
        __gnuc_va_list __arg) __THROWNL;
        ^~~~~~~~~~~~~~
/usr/include/stdio.h:354:44: error: expected declaration specifiers or ‘...’ before ‘size_t’
 extern int snprintf (char *__restrict __s, size_t __maxlen,
                                            ^~~~~~
/usr/include/stdio.h:358:45: error: expected declaration specifiers or ‘...’ before ‘size_t’
 extern int vsnprintf (char *__restrict __s, size_t __maxlen,
                                             ^~~~~~
/usr/include/stdio.h:359:42: error: expected declaration specifiers or ‘...’ before ‘__gnuc_va_list’
         const char *__restrict __format, __gnuc_va_list __arg)
                                          ^~~~~~~~~~~~~~
/usr/include/stdio.h:391:20: error: expected declaration specifiers or ‘...’ before ‘FILE’
 extern int fscanf (FILE *__restrict __stream,
                    ^~~~
/usr/include/stdio.h:397:12: error: storage class specified for parameter ‘scanf’
 extern int scanf (const char *__restrict __format, ...) __wur;
            ^~~~~
/usr/include/stdio.h:399:12: error: storage class specified for parameter ‘sscanf’
 extern int sscanf (const char *__restrict __s,
            ^~~~~~
In file included from /usr/include/features.h:450,
                 from /usr/include/bits/libc-header-start.h:33,
                 from /usr/include/stdio.h:27,
                 from leitura.c:10:
/usr/include/stdio.h:407:12: error: expected declaration specifiers or ‘...’ before ‘FILE’
 extern int __REDIRECT (fscanf, (FILE *__restrict __stream,
            ^~~~~~~~~~
/usr/include/stdio.h:410:12: error: storage class specified for parameter ‘scanf’
 extern int __REDIRECT (scanf, (const char *__restrict __format, ...),
            ^~~~~~~~~~
/usr/include/stdio.h:410:12: error: redefinition of parameter ‘scanf’
In file included from leitura.c:10:
/usr/include/stdio.h:397:12: note: previous definition of ‘scanf’ was here
 extern int scanf (const char *__restrict __format, ...) __wur;
            ^~~~~
In file included from /usr/include/features.h:450,
                 from /usr/include/bits/libc-header-start.h:33,
                 from /usr/include/stdio.h:27,
                 from leitura.c:10:
/usr/include/stdio.h:412:12: error: storage class specified for parameter ‘sscanf’
 extern int __REDIRECT_NTH (sscanf, (const char *__restrict __s,
            ^~~~~~~~~~~~~~
/usr/include/stdio.h:412:12: error: redefinition of parameter ‘sscanf’
In file included from leitura.c:10:
/usr/include/stdio.h:399:12: note: previous definition of ‘sscanf’ was here
 extern int sscanf (const char *__restrict __s,
            ^~~~~~
/usr/include/stdio.h:432:21: error: expected declaration specifiers or ‘...’ before ‘FILE’
 extern int vfscanf (FILE *__restrict __s, const char *__restrict __format,
                     ^~~~
/usr/include/stdio.h:433:7: error: expected declaration specifiers or ‘...’ before ‘__gnuc_va_list’
       __gnuc_va_list __arg)
       ^~~~~~~~~~~~~~
/usr/include/stdio.h:440:53: error: expected declaration specifiers or ‘...’ before ‘__gnuc_va_list’
 extern int vscanf (const char *__restrict __format, __gnuc_va_list __arg)
                                                     ^~~~~~~~~~~~~~
/usr/include/stdio.h:445:40: error: expected declaration specifiers or ‘...’ before ‘__gnuc_va_list’
       const char *__restrict __format, __gnuc_va_list __arg)
                                        ^~~~~~~~~~~~~~
In file included from /usr/include/features.h:450,
                 from /usr/include/bits/libc-header-start.h:33,
                 from /usr/include/stdio.h:27,
                 from leitura.c:10:
/usr/include/stdio.h:451:12: error: expected declaration specifiers or ‘...’ before ‘FILE’
 extern int __REDIRECT (vfscanf,
            ^~~~~~~~~~
/usr/include/stdio.h:451:12: error: expected declaration specifiers or ‘...’ before ‘__gnuc_va_list’
 extern int __REDIRECT (vfscanf,
            ^~~~~~~~~~
/usr/include/stdio.h:456:12: error: expected declaration specifiers or ‘...’ before ‘__gnuc_va_list’
 extern int __REDIRECT (vscanf, (const char *__restrict __format,
            ^~~~~~~~~~
/usr/include/stdio.h:459:12: error: expected declaration specifiers or ‘...’ before ‘__gnuc_va_list’
 extern int __REDIRECT_NTH (vsscanf,
            ^~~~~~~~~~~~~~
In file included from leitura.c:10:
/usr/include/stdio.h:485:19: error: expected declaration specifiers or ‘...’ before ‘FILE’
 extern int fgetc (FILE *__stream);
                   ^~~~
/usr/include/stdio.h:486:18: error: expected declaration specifiers or ‘...’ before ‘FILE’
 extern int getc (FILE *__stream);
                  ^~~~
/usr/include/stdio.h:492:12: error: storage class specified for parameter ‘getchar’
 extern int getchar (void);
            ^~~~~~~
/usr/include/stdio.h:521:28: error: expected declaration specifiers or ‘...’ before ‘FILE’
 extern int fputc (int __c, FILE *__stream);
                            ^~~~
/usr/include/stdio.h:522:27: error: expected declaration specifiers or ‘...’ before ‘FILE’
 extern int putc (int __c, FILE *__stream);
                           ^~~~
/usr/include/stdio.h:528:12: error: storage class specified for parameter ‘putchar’
 extern int putchar (int __c);
            ^~~~~~~
/usr/include/stdio.h:564:52: error: expected declaration specifiers or ‘...’ before ‘FILE’
 extern char *fgets (char *__restrict __s, int __n, FILE *__restrict __stream)
                                                    ^~~~
/usr/include/stdio.h:577:14: error: storage class specified for parameter ‘gets’
 extern char *gets (char *__s) __wur __attribute_deprecated__;
              ^~~~
/usr/include/stdio.h:626:47: error: expected declaration specifiers or ‘...’ before ‘FILE’
 extern int fputs (const char *__restrict __s, FILE *__restrict __stream);
                                               ^~~~
/usr/include/stdio.h:632:12: error: storage class specified for parameter ‘puts’
 extern int puts (const char *__s);
            ^~~~
/usr/include/stdio.h:639:29: error: expected declaration specifiers or ‘...’ before ‘FILE’
 extern int ungetc (int __c, FILE *__stream);
                             ^~~~
/usr/include/stdio.h:646:15: error: expected ‘=’, ‘,’, ‘;’, ‘asm’ or ‘__attribute__’ before ‘fread’
 extern size_t fread (void *__restrict __ptr, size_t __size,
               ^~~~~
/usr/include/stdio.h:652:15: error: expected ‘=’, ‘,’, ‘;’, ‘asm’ or ‘__attribute__’ before ‘fwrite’
 extern size_t fwrite (const void *__restrict __ptr, size_t __size,
               ^~~~~~
/usr/include/stdio.h:684:19: error: expected declaration specifiers or ‘...’ before ‘FILE’
 extern int fseek (FILE *__stream, long int __off, int __whence);
                   ^~~~
/usr/include/stdio.h:689:24: error: expected declaration specifiers or ‘...’ before ‘FILE’
 extern long int ftell (FILE *__stream) __wur;
                        ^~~~
/usr/include/stdio.h:694:21: error: expected declaration specifiers or ‘...’ before ‘FILE’
 extern void rewind (FILE *__stream);
                     ^~~~
/usr/include/stdio.h:731:21: error: expected declaration specifiers or ‘...’ before ‘FILE’
 extern int fgetpos (FILE *__restrict __stream, fpos_t *__restrict __pos);
                     ^~~~
/usr/include/stdio.h:731:48: error: unknown type name ‘fpos_t’
 extern int fgetpos (FILE *__restrict __stream, fpos_t *__restrict __pos);
                                                ^~~~~~
/usr/include/stdio.h:731:48: note: ‘fpos_t’ is defined in header ‘<stdio.h>’; did you forget to ‘#include <stdio.h>’?
/usr/include/stdio.h:134:1:
+#include <stdio.h>
 
/usr/include/stdio.h:731:48:
 extern int fgetpos (FILE *__restrict __stream, fpos_t *__restrict __pos);
                                                ^~~~~~
/usr/include/stdio.h:736:21: error: expected declaration specifiers or ‘...’ before ‘FILE’
 extern int fsetpos (FILE *__stream, const fpos_t *__pos);
                     ^~~~
/usr/include/stdio.h:736:43: error: unknown type name ‘fpos_t’
 extern int fsetpos (FILE *__stream, const fpos_t *__pos);
                                           ^~~~~~
/usr/include/stdio.h:757:23: error: expected declaration specifiers or ‘...’ before ‘FILE’
 extern void clearerr (FILE *__stream) __THROW;
                       ^~~~
/usr/include/stdio.h:759:18: error: expected declaration specifiers or ‘...’ before ‘FILE’
 extern int feof (FILE *__stream) __THROW __wur;
                  ^~~~
/usr/include/stdio.h:761:20: error: expected declaration specifiers or ‘...’ before ‘FILE’
 extern int ferror (FILE *__stream) __THROW __wur;
                    ^~~~
/usr/include/stdio.h:775:13: error: storage class specified for parameter ‘perror’
 extern void perror (const char *__s);
             ^~~~~~
In file included from leitura.c:10:
/usr/include/stdio.h:858:21: error: expected declaration specifiers or ‘...’ before ‘FILE’
 extern int __uflow (FILE *);
                     ^~~~
/usr/include/stdio.h:859:24: error: expected declaration specifiers or ‘...’ before ‘FILE’
 extern int __overflow (FILE *, int);
                        ^~~~
In file included from /usr/include/stdlib.h:31,
                 from leitura.c:11:
/usr/lib/gcc/x86_64-pc-linux-gnu/8.3.0/include/stddef.h:328:24: error: storage class specified for parameter ‘wchar_t’
 typedef __WCHAR_TYPE__ wchar_t;
                        ^~~~~~~
In file included from leitura.c:11:
/usr/include/stdlib.h:62:5: error: storage class specified for parameter ‘div_t’
   } div_t;
     ^~~~~
/usr/include/stdlib.h:70:5: error: storage class specified for parameter ‘ldiv_t’
   } ldiv_t;
     ^~~~~~
/usr/include/stdlib.h:76:1: error: expected declaration specifiers before ‘__extension__’
 __extension__ typedef struct
 ^~~~~~~~~~~~~
/usr/include/stdlib.h:80:5: error: expected declaration specifiers before ‘lldiv_t’
   } lldiv_t;
     ^~~~~~~
/usr/include/stdlib.h:97:15: error: expected ‘=’, ‘,’, ‘;’, ‘asm’ or ‘__attribute__’ before ‘__ctype_get_mb_cur_max’
 extern size_t __ctype_get_mb_cur_max (void) __THROW __wur;
               ^~~~~~~~~~~~~~~~~~~~~~
/usr/include/stdlib.h:101:15: error: storage class specified for parameter ‘atof’
 extern double atof (const char *__nptr)
               ^~~~
/usr/include/stdlib.h:104:12: error: storage class specified for parameter ‘atoi’
 extern int atoi (const char *__nptr)
            ^~~~
/usr/include/stdlib.h:107:17: error: storage class specified for parameter ‘atol’
 extern long int atol (const char *__nptr)
                 ^~~~
/usr/include/stdlib.h:112:1: error: expected declaration specifiers before ‘__extension__’
 __extension__ extern long long int atoll (const char *__nptr)
 ^~~~~~~~~~~~~
/usr/include/stdlib.h:117:15: error: storage class specified for parameter ‘strtod’
 extern double strtod (const char *__restrict __nptr,
               ^~~~~~
/usr/include/stdlib.h:123:14: error: storage class specified for parameter ‘strtof’
 extern float strtof (const char *__restrict __nptr,
              ^~~~~~
/usr/include/stdlib.h:126:20: error: storage class specified for parameter ‘strtold’
 extern long double strtold (const char *__restrict __nptr,
                    ^~~~~~~
/usr/include/stdlib.h:176:17: error: storage class specified for parameter ‘strtol’
 extern long int strtol (const char *__restrict __nptr,
                 ^~~~~~
/usr/include/stdlib.h:180:26: error: storage class specified for parameter ‘strtoul’
 extern unsigned long int strtoul (const char *__restrict __nptr,
                          ^~~~~~~
/usr/include/stdlib.h:199:1: error: expected declaration specifiers before ‘__extension__’
 __extension__
 ^~~~~~~~~~~~~
/usr/include/stdlib.h:204:1: error: expected declaration specifiers before ‘__extension__’
 __extension__
 ^~~~~~~~~~~~~
/usr/include/stdlib.h:453:12: error: storage class specified for parameter ‘rand’
 extern int rand (void) __THROW;
            ^~~~
/usr/include/stdlib.h:455:13: error: storage class specified for parameter ‘srand’
 extern void srand (unsigned int __seed) __THROW;
             ^~~~~
/usr/include/stdlib.h:539:22: error: expected declaration specifiers or ‘...’ before ‘size_t’
 extern void *malloc (size_t __size) __THROW __attribute_malloc__ __wur;
                      ^~~~~~
/usr/include/stdlib.h:541:22: error: expected declaration specifiers or ‘...’ before ‘size_t’
 extern void *calloc (size_t __nmemb, size_t __size)
                      ^~~~~~
/usr/include/stdlib.h:541:38: error: expected declaration specifiers or ‘...’ before ‘size_t’
 extern void *calloc (size_t __nmemb, size_t __size)
                                      ^~~~~~
/usr/include/stdlib.h:549:36: error: expected declaration specifiers or ‘...’ before ‘size_t’
 extern void *realloc (void *__ptr, size_t __size)
                                    ^~~~~~
/usr/include/stdlib.h:563:13: error: storage class specified for parameter ‘free’
 extern void free (void *__ptr) __THROW;
             ^~~~
/usr/include/stdlib.h:588:13: error: storage class specified for parameter ‘abort’
 extern void abort (void) __THROW __attribute__ ((__noreturn__));
             ^~~~~
/usr/include/stdlib.h:592:12: error: storage class specified for parameter ‘atexit’
 extern int atexit (void (*__func) (void)) __THROW __nonnull ((1));
            ^~~~~~
/usr/include/stdlib.h:614:13: error: storage class specified for parameter ‘exit’
 extern void exit (int __status) __THROW __attribute__ ((__noreturn__));
             ^~~~
/usr/include/stdlib.h:626:13: error: storage class specified for parameter ‘_Exit’
 extern void _Exit (int __status) __THROW __attribute__ ((__noreturn__));
             ^~~~~
/usr/include/stdlib.h:631:14: error: storage class specified for parameter ‘getenv’
 extern char *getenv (const char *__name) __THROW __nonnull ((1)) __wur;
              ^~~~~~
/usr/include/stdlib.h:781:12: error: storage class specified for parameter ‘system’
 extern int system (const char *__command) __wur;
            ^~~~~~
/usr/include/stdlib.h:805:15: error: storage class specified for parameter ‘__compar_fn_t’
 typedef int (*__compar_fn_t) (const void *, const void *);
               ^~~~~~~~~~~~~
/usr/include/stdlib.h:818:9: error: expected declaration specifiers or ‘...’ before ‘size_t’
         size_t __nmemb, size_t __size, __compar_fn_t __compar)
         ^~~~~~
/usr/include/stdlib.h:818:25: error: expected declaration specifiers or ‘...’ before ‘size_t’
         size_t __nmemb, size_t __size, __compar_fn_t __compar)
                         ^~~~~~
/usr/include/stdlib.h:818:40: error: expected declaration specifiers or ‘...’ before ‘__compar_fn_t’
         size_t __nmemb, size_t __size, __compar_fn_t __compar)
                                        ^~~~~~~~~~~~~
/usr/include/stdlib.h:827:34: error: expected declaration specifiers or ‘...’ before ‘size_t’
 extern void qsort (void *__base, size_t __nmemb, size_t __size,
                                  ^~~~~~
/usr/include/stdlib.h:827:50: error: expected declaration specifiers or ‘...’ before ‘size_t’
 extern void qsort (void *__base, size_t __nmemb, size_t __size,
                                                  ^~~~~~
/usr/include/stdlib.h:828:6: error: expected declaration specifiers or ‘...’ before ‘__compar_fn_t’
      __compar_fn_t __compar) __nonnull ((1, 4));
      ^~~~~~~~~~~~~
/usr/include/stdlib.h:837:12: error: storage class specified for parameter ‘abs’
 extern int abs (int __x) __THROW __attribute__ ((__const__)) __wur;
            ^~~
/usr/include/stdlib.h:838:17: error: storage class specified for parameter ‘labs’
 extern long int labs (long int __x) __THROW __attribute__ ((__const__)) __wur;
                 ^~~~
/usr/include/stdlib.h:841:1: error: expected declaration specifiers before ‘__extension__’
 __extension__ extern long long int llabs (long long int __x)
 ^~~~~~~~~~~~~
/usr/include/stdlib.h:849:14: error: expected ‘=’, ‘,’, ‘;’, ‘asm’ or ‘__attribute__’ before ‘div’
 extern div_t div (int __numer, int __denom)
              ^~~
/usr/include/stdlib.h:851:15: error: expected ‘=’, ‘,’, ‘;’, ‘asm’ or ‘__attribute__’ before ‘ldiv’
 extern ldiv_t ldiv (long int __numer, long int __denom)
               ^~~~
/usr/include/stdlib.h:855:1: error: expected declaration specifiers before ‘__extension__’
 __extension__ extern lldiv_t lldiv (long long int __numer,
 ^~~~~~~~~~~~~
/usr/include/stdlib.h:919:36: error: expected declaration specifiers or ‘...’ before ‘size_t’
 extern int mblen (const char *__s, size_t __n) __THROW;
                                    ^~~~~~
/usr/include/stdlib.h:922:20: error: expected declaration specifiers or ‘...’ before ‘wchar_t’
 extern int mbtowc (wchar_t *__restrict __pwc,
                    ^~~~~~~
/usr/include/stdlib.h:923:34: error: expected declaration specifiers or ‘...’ before ‘size_t’
      const char *__restrict __s, size_t __n) __THROW;
                                  ^~~~~~
/usr/include/stdlib.h:926:31: error: expected declaration specifiers or ‘...’ before ‘wchar_t’
 extern int wctomb (char *__s, wchar_t __wchar) __THROW;
                               ^~~~~~~
/usr/include/stdlib.h:930:15: error: expected ‘=’, ‘,’, ‘;’, ‘asm’ or ‘__attribute__’ before ‘mbstowcs’
 extern size_t mbstowcs (wchar_t *__restrict  __pwcs,
               ^~~~~~~~
/usr/include/stdlib.h:933:15: error: expected ‘=’, ‘,’, ‘;’, ‘asm’ or ‘__attribute__’ before ‘wcstombs’
 extern size_t wcstombs (char *__restrict __s,
               ^~~~~~~~
In file included from leitura.c:12:
/usr/include/string.h:43:8: error: expected declaration specifiers or ‘...’ before ‘size_t’
        size_t __n) __THROW __nonnull ((1, 2));
        ^~~~~~
/usr/include/string.h:46:56: error: expected declaration specifiers or ‘...’ before ‘size_t’
 extern void *memmove (void *__dest, const void *__src, size_t __n)
                                                        ^~~~~~
/usr/include/string.h:60:42: error: expected declaration specifiers or ‘...’ before ‘size_t’
 extern void *memset (void *__s, int __c, size_t __n) __THROW __nonnull ((1));
                                          ^~~~~~
/usr/include/string.h:63:56: error: expected declaration specifiers or ‘...’ before ‘size_t’
 extern int memcmp (const void *__s1, const void *__s2, size_t __n)
                                                        ^~~~~~
/usr/include/string.h:90:48: error: expected declaration specifiers or ‘...’ before ‘size_t’
 extern void *memchr (const void *__s, int __c, size_t __n)
                                                ^~~~~~
/usr/include/string.h:121:14: error: storage class specified for parameter ‘strcpy’
 extern char *strcpy (char *__restrict __dest, const char *__restrict __src)
              ^~~~~~
/usr/include/string.h:125:39: error: expected declaration specifiers or ‘...’ before ‘size_t’
         const char *__restrict __src, size_t __n)
                                       ^~~~~~
/usr/include/string.h:129:14: error: storage class specified for parameter ‘strcat’
 extern char *strcat (char *__restrict __dest, const char *__restrict __src)
              ^~~~~~
/usr/include/string.h:133:9: error: expected declaration specifiers or ‘...’ before ‘size_t’
         size_t __n) __THROW __nonnull ((1, 2));
         ^~~~~~
/usr/include/string.h:136:12: error: storage class specified for parameter ‘strcmp’
 extern int strcmp (const char *__s1, const char *__s2)
            ^~~~~~
/usr/include/string.h:139:57: error: expected declaration specifiers or ‘...’ before ‘size_t’
 extern int strncmp (const char *__s1, const char *__s2, size_t __n)
                                                         ^~~~~~
/usr/include/string.h:143:12: error: storage class specified for parameter ‘strcoll’
 extern int strcoll (const char *__s1, const char *__s2)
            ^~~~~~~
/usr/include/string.h:146:15: error: expected ‘=’, ‘,’, ‘;’, ‘asm’ or ‘__attribute__’ before ‘strxfrm’
 extern size_t strxfrm (char *__restrict __dest,
               ^~~~~~~
/usr/include/string.h:225:14: error: storage class specified for parameter ‘strchr’
 extern char *strchr (const char *__s, int __c)
              ^~~~~~
/usr/include/string.h:252:14: error: storage class specified for parameter ‘strrchr’
 extern char *strrchr (const char *__s, int __c)
              ^~~~~~~
/usr/include/string.h:272:15: error: expected ‘=’, ‘,’, ‘;’, ‘asm’ or ‘__attribute__’ before ‘strcspn’
 extern size_t strcspn (const char *__s, const char *__reject)
               ^~~~~~~
/usr/include/string.h:276:15: error: expected ‘=’, ‘,’, ‘;’, ‘asm’ or ‘__attribute__’ before ‘strspn’
 extern size_t strspn (const char *__s, const char *__accept)
               ^~~~~~
/usr/include/string.h:302:14: error: storage class specified for parameter ‘strpbrk’
 extern char *strpbrk (const char *__s, const char *__accept)
              ^~~~~~~
/usr/include/string.h:329:14: error: storage class specified for parameter ‘strstr’
 extern char *strstr (const char *__haystack, const char *__needle)
              ^~~~~~
/usr/include/string.h:335:14: error: storage class specified for parameter ‘strtok’
 extern char *strtok (char *__restrict __s, const char *__restrict __delim)
              ^~~~~~
/usr/include/string.h:340:14: error: storage class specified for parameter ‘__strtok_r’
 extern char *__strtok_r (char *__restrict __s,
              ^~~~~~~~~~
/usr/include/string.h:384:15: error: expected ‘=’, ‘,’, ‘;’, ‘asm’ or ‘__attribute__’ before ‘strlen’
 extern size_t strlen (const char *__s)
               ^~~~~~
/usr/include/string.h:396:14: error: storage class specified for parameter ‘strerror’
 extern char *strerror (int __errnum) __THROW;
              ^~~~~~~~
leitura.c:14:1: error: expected declaration specifiers before ‘psS’
 psS makegeral(pPi pilotos, int npilotos, pCar carros, int ncarros)
 ^~~
leitura.c:29:12: error: expected declaration specifiers or ‘...’ before ‘psS’
 int calIda(psS saveS, int indexpiloto)
            ^~~
leitura.c:86:1: error: expected declaration specifiers before ‘pCon’
 pCon selCarPil(int nMaxP, psS saveS)
 ^~~~
leitura.c:225:1: error: expected declaration specifiers before ‘pCon’
 pCon delCon(pCon dels)
 ^~~~
leitura.c:255:1: error: expected declaration specifiers before ‘pCon’
 pCon gth(pCon combina)
 ^~~~
leitura.c:262:13: error: expected declaration specifiers or ‘...’ before ‘pCon’
 void verPos(pCon combina, psS saveS, int voltastotal, int voltaact, int esperar)
             ^~~~
leitura.c:262:27: error: expected declaration specifiers or ‘...’ before ‘psS’
 void verPos(pCon combina, psS saveS, int voltastotal, int voltaact, int esperar)
                           ^~~
leitura.c:307:1: error: expected declaration specifiers before ‘pCon’
 pCon ordTem(pCon inicio)
 ^~~~
leitura.c:358:15: error: expected declaration specifiers or ‘...’ before ‘pCon’
 void freecorr(pCon combina)
               ^~~~
leitura.c:372:16: error: expected declaration specifiers or ‘...’ before ‘psS’
 void calPontos(psS saveS, pCon combina)
                ^~~
leitura.c:372:27: error: expected declaration specifiers or ‘...’ before ‘pCon’
 void calPontos(psS saveS, pCon combina)
                           ^~~~
leitura.c:387:1: error: expected declaration specifiers before ‘pCon’
 pCon novoord(psS saveS, pCon combina, int volta, int voltas)
 ^~~~
leitura.c:401:1: error: expected declaration specifiers before ‘pCon’
 pCon totalde(pCon combina,int volta)
 ^~~~
leitura.c:416:12: error: expected declaration specifiers or ‘...’ before ‘pCon’
 int algord(pCon combina, psS saveS)
            ^~~~
leitura.c:416:26: error: expected declaration specifiers or ‘...’ before ‘psS’
 int algord(pCon combina, psS saveS)
                          ^~~
leitura.c:438:14: error: expected declaration specifiers or ‘...’ before ‘pCon’
 int trocaPon(pCon *combina, pCon *aux, pCon *antaux)
              ^~~~
leitura.c:438:29: error: expected declaration specifiers or ‘...’ before ‘pCon’
 int trocaPon(pCon *combina, pCon *aux, pCon *antaux)
                             ^~~~
leitura.c:438:40: error: expected declaration specifiers or ‘...’ before ‘pCon’
 int trocaPon(pCon *combina, pCon *aux, pCon *antaux)
                                        ^~~~
In file included from leitura.c:5:
leitura.h:64:5: error: old-style parameter declarations in prototyped function definition
 int trocaPon(pCon *combina, pCon *aux, pCon *antaux)
     ^~~~~~~~
leitura.c:454: error: expected ‘{’ at end of input
 }
 
In file included from menus.c:5:
menus.h:53:14: error: unknown type name ‘psS’
 int mainmenu(psS saveS);
              ^~~
menus.h:56:17: error: unknown type name ‘psS’
 int corridamenu(psS saveS, int voltas, int comp, int MaxAll);
                 ^~~
menus.h:64:18: error: unknown type name ‘psS’
 int menufinalcor(psS saveS, pCon combina, int nMaxP, int voltas);
                  ^~~
menus.h:67:14: error: unknown type name ‘psS’
 void freeall(psS saveS);
              ^~~
menus.h:70:16: error: unknown type name ‘psS’
 int vercorrida(psS saveS,pCon combina, int nMaxP, int voltas);
                ^~~
In file included from menus.c:8:
pilotos.h: In function ‘trocaPon’:
pilotos.h:13:23: error: storage class specified for parameter ‘Pi’
 typedef struct piloto Pi, *pPi;
                       ^~
pilotos.h:13:28: error: storage class specified for parameter ‘pPi’
 typedef struct piloto Pi, *pPi;
                            ^~~
pilotos.h:14:22: error: storage class specified for parameter ‘Car’
 typedef struct carro Car, *pCar;
                      ^~~
pilotos.h:14:28: error: storage class specified for parameter ‘pCar’
 typedef struct carro Car, *pCar;
                            ^~~~
pilotos.h:15:23: error: storage class specified for parameter ‘sS’
 typedef struct saverS sS, *psS;
                       ^~
pilotos.h:15:28: error: storage class specified for parameter ‘psS’
 typedef struct saverS sS, *psS;
                            ^~~
pilotos.h:18:1: warning: empty declaration
 struct piloto {
 ^~~~~~
pilotos.h:46:29: error: expected declaration specifiers or ‘...’ before ‘pPi’
 int readPilotos(char *file, pPi *pPilotos, int *nPilotos) ;
                             ^~~
pilotos.h:49:20: error: expected declaration specifiers or ‘...’ before ‘Pi’
 int verificaPiloto(Pi piloto, int n, int piId[]);
                    ^~
pilotos.h:52:12: error: expected declaration specifiers or ‘...’ before ‘psS’
 int salvaP(psS saveS) ;
            ^~~
pilotos.h:55:14: error: expected declaration specifiers or ‘...’ before ‘psS’
 void printPi(psS saveS);
              ^~~
In file included from /usr/include/stdio.h:33,
                 from menus.c:10:
/usr/lib/gcc/x86_64-pc-linux-gnu/8.3.0/include/stddef.h:216:23: error: storage class specified for parameter ‘size_t’
 typedef __SIZE_TYPE__ size_t;
                       ^~~~~~
In file included from /usr/include/stdio.h:36,
                 from menus.c:10:
/usr/lib/gcc/x86_64-pc-linux-gnu/8.3.0/include/stdarg.h:40:27: error: storage class specified for parameter ‘__gnuc_va_list’
 typedef __builtin_va_list __gnuc_va_list;
                           ^~~~~~~~~~~~~~
In file included from /usr/include/stdio.h:38,
                 from menus.c:10:
/usr/include/bits/types.h:31:23: error: storage class specified for parameter ‘__u_char’
 typedef unsigned char __u_char;
                       ^~~~~~~~
/usr/include/bits/types.h:32:28: error: storage class specified for parameter ‘__u_short’
 typedef unsigned short int __u_short;
                            ^~~~~~~~~
/usr/include/bits/types.h:33:22: error: storage class specified for parameter ‘__u_int’
 typedef unsigned int __u_int;
                      ^~~~~~~
/usr/include/bits/types.h:34:27: error: storage class specified for parameter ‘__u_long’
 typedef unsigned long int __u_long;
                           ^~~~~~~~
/usr/include/bits/types.h:37:21: error: storage class specified for parameter ‘__int8_t’
 typedef signed char __int8_t;
                     ^~~~~~~~
/usr/include/bits/types.h:38:23: error: storage class specified for parameter ‘__uint8_t’
 typedef unsigned char __uint8_t;
                       ^~~~~~~~~
/usr/include/bits/types.h:39:26: error: storage class specified for parameter ‘__int16_t’
 typedef signed short int __int16_t;
                          ^~~~~~~~~
/usr/include/bits/types.h:40:28: error: storage class specified for parameter ‘__uint16_t’
 typedef unsigned short int __uint16_t;
                            ^~~~~~~~~~
/usr/include/bits/types.h:41:20: error: storage class specified for parameter ‘__int32_t’
 typedef signed int __int32_t;
                    ^~~~~~~~~
/usr/include/bits/types.h:42:22: error: storage class specified for parameter ‘__uint32_t’
 typedef unsigned int __uint32_t;
                      ^~~~~~~~~~
/usr/include/bits/types.h:44:25: error: storage class specified for parameter ‘__int64_t’
 typedef signed long int __int64_t;
                         ^~~~~~~~~
/usr/include/bits/types.h:45:27: error: storage class specified for parameter ‘__uint64_t’
 typedef unsigned long int __uint64_t;
                           ^~~~~~~~~~
/usr/include/bits/types.h:52:18: error: expected ‘=’, ‘,’, ‘;’, ‘asm’ or ‘__attribute__’ before ‘__int_least8_t’
 typedef __int8_t __int_least8_t;
                  ^~~~~~~~~~~~~~
/usr/include/bits/types.h:53:19: error: expected ‘=’, ‘,’, ‘;’, ‘asm’ or ‘__attribute__’ before ‘__uint_least8_t’
 typedef __uint8_t __uint_least8_t;
                   ^~~~~~~~~~~~~~~
/usr/include/bits/types.h:54:19: error: expected ‘=’, ‘,’, ‘;’, ‘asm’ or ‘__attribute__’ before ‘__int_least16_t’
 typedef __int16_t __int_least16_t;
                   ^~~~~~~~~~~~~~~
/usr/include/bits/types.h:55:20: error: expected ‘=’, ‘,’, ‘;’, ‘asm’ or ‘__attribute__’ before ‘__uint_least16_t’
 typedef __uint16_t __uint_least16_t;
                    ^~~~~~~~~~~~~~~~
/usr/include/bits/types.h:56:19: error: expected ‘=’, ‘,’, ‘;’, ‘asm’ or ‘__attribute__’ before ‘__int_least32_t’
 typedef __int32_t __int_least32_t;
                   ^~~~~~~~~~~~~~~
/usr/include/bits/types.h:57:20: error: expected ‘=’, ‘,’, ‘;’, ‘asm’ or ‘__attribute__’ before ‘__uint_least32_t’
 typedef __uint32_t __uint_least32_t;
                    ^~~~~~~~~~~~~~~~
/usr/include/bits/types.h:58:19: error: expected ‘=’, ‘,’, ‘;’, ‘asm’ or ‘__attribute__’ before ‘__int_least64_t’
 typedef __int64_t __int_least64_t;
                   ^~~~~~~~~~~~~~~
/usr/include/bits/types.h:59:20: error: expected ‘=’, ‘,’, ‘;’, ‘asm’ or ‘__attribute__’ before ‘__uint_least64_t’
 typedef __uint64_t __uint_least64_t;
                    ^~~~~~~~~~~~~~~~
/usr/include/bits/types.h:63:18: error: storage class specified for parameter ‘__quad_t’
 typedef long int __quad_t;
                  ^~~~~~~~
/usr/include/bits/types.h:64:27: error: storage class specified for parameter ‘__u_quad_t’
 typedef unsigned long int __u_quad_t;
                           ^~~~~~~~~~
/usr/include/bits/types.h:72:18: error: storage class specified for parameter ‘__intmax_t’
 typedef long int __intmax_t;
                  ^~~~~~~~~~
/usr/include/bits/types.h:73:27: error: storage class specified for parameter ‘__uintmax_t’
 typedef unsigned long int __uintmax_t;
                           ^~~~~~~~~~~
In file included from /usr/include/stdio.h:38,
                 from menus.c:10:
/usr/include/bits/types.h:145:25: error: storage class specified for parameter ‘__dev_t’
 __STD_TYPE __DEV_T_TYPE __dev_t; /* Type of device numbers.  */
                         ^~~~~~~
/usr/include/bits/types.h:146:25: error: storage class specified for parameter ‘__uid_t’
 __STD_TYPE __UID_T_TYPE __uid_t; /* Type of user identifications.  */
                         ^~~~~~~
/usr/include/bits/types.h:147:25: error: storage class specified for parameter ‘__gid_t’
 __STD_TYPE __GID_T_TYPE __gid_t; /* Type of group identifications.  */
                         ^~~~~~~
/usr/include/bits/types.h:148:25: error: storage class specified for parameter ‘__ino_t’
 __STD_TYPE __INO_T_TYPE __ino_t; /* Type of file serial numbers.  */
                         ^~~~~~~
/usr/include/bits/types.h:149:27: error: storage class specified for parameter ‘__ino64_t’
 __STD_TYPE __INO64_T_TYPE __ino64_t; /* Type of file serial numbers (LFS).*/
                           ^~~~~~~~~
/usr/include/bits/types.h:150:26: error: storage class specified for parameter ‘__mode_t’
 __STD_TYPE __MODE_T_TYPE __mode_t; /* Type of file attribute bitmasks.  */
                          ^~~~~~~~
/usr/include/bits/types.h:151:27: error: storage class specified for parameter ‘__nlink_t’
 __STD_TYPE __NLINK_T_TYPE __nlink_t; /* Type of file link counts.  */
                           ^~~~~~~~~
/usr/include/bits/types.h:152:25: error: storage class specified for parameter ‘__off_t’
 __STD_TYPE __OFF_T_TYPE __off_t; /* Type of file sizes and offsets.  */
                         ^~~~~~~
/usr/include/bits/types.h:153:27: error: storage class specified for parameter ‘__off64_t’
 __STD_TYPE __OFF64_T_TYPE __off64_t; /* Type of file sizes and offsets (LFS).  */
                           ^~~~~~~~~
/usr/include/bits/types.h:154:25: error: storage class specified for parameter ‘__pid_t’
 __STD_TYPE __PID_T_TYPE __pid_t; /* Type of process identifications.  */
                         ^~~~~~~
/usr/include/bits/types.h:155:26: error: storage class specified for parameter ‘__fsid_t’
 __STD_TYPE __FSID_T_TYPE __fsid_t; /* Type of file system IDs.  */
                          ^~~~~~~~
/usr/include/bits/types.h:156:27: error: storage class specified for parameter ‘__clock_t’
 __STD_TYPE __CLOCK_T_TYPE __clock_t; /* Type of CPU usage counts.  */
                           ^~~~~~~~~
/usr/include/bits/types.h:157:26: error: storage class specified for parameter ‘__rlim_t’
 __STD_TYPE __RLIM_T_TYPE __rlim_t; /* Type for resource measurement.  */
                          ^~~~~~~~
/usr/include/bits/types.h:158:28: error: storage class specified for parameter ‘__rlim64_t’
 __STD_TYPE __RLIM64_T_TYPE __rlim64_t; /* Type for resource measurement (LFS).  */
                            ^~~~~~~~~~
/usr/include/bits/types.h:159:24: error: storage class specified for parameter ‘__id_t’
 __STD_TYPE __ID_T_TYPE __id_t;  /* General type for IDs.  */
                        ^~~~~~
/usr/include/bits/types.h:160:26: error: storage class specified for parameter ‘__time_t’
 __STD_TYPE __TIME_T_TYPE __time_t; /* Seconds since the Epoch.  */
                          ^~~~~~~~
/usr/include/bits/types.h:161:30: error: storage class specified for parameter ‘__useconds_t’
 __STD_TYPE __USECONDS_T_TYPE __useconds_t; /* Count of microseconds.  */
                              ^~~~~~~~~~~~
/usr/include/bits/types.h:162:31: error: storage class specified for parameter ‘__suseconds_t’
 __STD_TYPE __SUSECONDS_T_TYPE __suseconds_t; /* Signed count of microseconds.  */
                               ^~~~~~~~~~~~~
/usr/include/bits/types.h:164:27: error: storage class specified for parameter ‘__daddr_t’
 __STD_TYPE __DADDR_T_TYPE __daddr_t; /* The type of a disk address.  */
                           ^~~~~~~~~
/usr/include/bits/types.h:165:25: error: storage class specified for parameter ‘__key_t’
 __STD_TYPE __KEY_T_TYPE __key_t; /* Type of an IPC key.  */
                         ^~~~~~~
/usr/include/bits/types.h:168:29: error: storage class specified for parameter ‘__clockid_t’
 __STD_TYPE __CLOCKID_T_TYPE __clockid_t;
                             ^~~~~~~~~~~
/usr/include/bits/types.h:171:27: error: storage class specified for parameter ‘__timer_t’
 __STD_TYPE __TIMER_T_TYPE __timer_t;
                           ^~~~~~~~~
/usr/include/bits/types.h:174:29: error: storage class specified for parameter ‘__blksize_t’
 __STD_TYPE __BLKSIZE_T_TYPE __blksize_t;
                             ^~~~~~~~~~~
/usr/include/bits/types.h:179:28: error: storage class specified for parameter ‘__blkcnt_t’
 __STD_TYPE __BLKCNT_T_TYPE __blkcnt_t;
                            ^~~~~~~~~~
/usr/include/bits/types.h:180:30: error: storage class specified for parameter ‘__blkcnt64_t’
 __STD_TYPE __BLKCNT64_T_TYPE __blkcnt64_t;
                              ^~~~~~~~~~~~
/usr/include/bits/types.h:183:30: error: storage class specified for parameter ‘__fsblkcnt_t’
 __STD_TYPE __FSBLKCNT_T_TYPE __fsblkcnt_t;
                              ^~~~~~~~~~~~
/usr/include/bits/types.h:184:32: error: storage class specified for parameter ‘__fsblkcnt64_t’
 __STD_TYPE __FSBLKCNT64_T_TYPE __fsblkcnt64_t;
                                ^~~~~~~~~~~~~~
/usr/include/bits/types.h:187:30: error: storage class specified for parameter ‘__fsfilcnt_t’
 __STD_TYPE __FSFILCNT_T_TYPE __fsfilcnt_t;
                              ^~~~~~~~~~~~
/usr/include/bits/types.h:188:32: error: storage class specified for parameter ‘__fsfilcnt64_t’
 __STD_TYPE __FSFILCNT64_T_TYPE __fsfilcnt64_t;
                                ^~~~~~~~~~~~~~
/usr/include/bits/types.h:191:28: error: storage class specified for parameter ‘__fsword_t’
 __STD_TYPE __FSWORD_T_TYPE __fsword_t;
                            ^~~~~~~~~~
/usr/include/bits/types.h:193:27: error: storage class specified for parameter ‘__ssize_t’
 __STD_TYPE __SSIZE_T_TYPE __ssize_t; /* Type of a byte count, or error.  */
                           ^~~~~~~~~
/usr/include/bits/types.h:196:33: error: storage class specified for parameter ‘__syscall_slong_t’
 __STD_TYPE __SYSCALL_SLONG_TYPE __syscall_slong_t;
                                 ^~~~~~~~~~~~~~~~~
/usr/include/bits/types.h:198:33: error: storage class specified for parameter ‘__syscall_ulong_t’
 __STD_TYPE __SYSCALL_ULONG_TYPE __syscall_ulong_t;
                                 ^~~~~~~~~~~~~~~~~
/usr/include/bits/types.h:202:19: error: expected ‘=’, ‘,’, ‘;’, ‘asm’ or ‘__attribute__’ before ‘__loff_t’
 typedef __off64_t __loff_t; /* Type of file sizes and offsets (LFS).  */
                   ^~~~~~~~
/usr/include/bits/types.h:203:15: error: storage class specified for parameter ‘__caddr_t’
 typedef char *__caddr_t;
               ^~~~~~~~~
/usr/include/bits/types.h:206:25: error: storage class specified for parameter ‘__intptr_t’
 __STD_TYPE __SWORD_TYPE __intptr_t;
                         ^~~~~~~~~~
/usr/include/bits/types.h:209:23: error: storage class specified for parameter ‘__socklen_t’
 __STD_TYPE __U32_TYPE __socklen_t;
                       ^~~~~~~~~~~
/usr/include/bits/types.h:214:13: error: storage class specified for parameter ‘__sig_atomic_t’
 typedef int __sig_atomic_t;
             ^~~~~~~~~~~~~~
In file included from /usr/include/bits/types/__fpos_t.h:5,
                 from /usr/include/stdio.h:39,
                 from menus.c:10:
/usr/include/bits/types/__mbstate_t.h:21:3: error: storage class specified for parameter ‘__mbstate_t’
 } __mbstate_t;
   ^~~~~~~~~~~
In file included from /usr/include/stdio.h:39,
                 from menus.c:10:
/usr/include/bits/types/__fpos_t.h:12:3: error: expected specifier-qualifier-list before ‘__off_t’
   __off_t __pos;
   ^~~~~~~
/usr/include/bits/types/__fpos_t.h:14:3: error: storage class specified for parameter ‘__fpos_t’
 } __fpos_t;
   ^~~~~~~~
In file included from /usr/include/stdio.h:40,
                 from menus.c:10:
/usr/include/bits/types/__fpos64_t.h:12:3: error: expected specifier-qualifier-list before ‘__off64_t’
   __off64_t __pos;
   ^~~~~~~~~
/usr/include/bits/types/__fpos64_t.h:14:3: error: storage class specified for parameter ‘__fpos64_t’
 } __fpos64_t;
   ^~~~~~~~~~
In file included from /usr/include/stdio.h:41,
                 from menus.c:10:
/usr/include/bits/types/__FILE.h:5:25: error: storage class specified for parameter ‘__FILE’
 typedef struct _IO_FILE __FILE;
                         ^~~~~~
In file included from /usr/include/stdio.h:42,
                 from menus.c:10:
/usr/include/bits/types/FILE.h:7:25: error: storage class specified for parameter ‘FILE’
 typedef struct _IO_FILE FILE;
                         ^~~~
In file included from /usr/include/stdio.h:43,
                 from menus.c:10:
/usr/include/bits/types/struct_FILE.h:43:14: error: storage class specified for parameter ‘_IO_lock_t’
 typedef void _IO_lock_t;
              ^~~~~~~~~~
/usr/include/bits/types/struct_FILE.h:74:3: error: expected specifier-qualifier-list before ‘__off_t’
   __off_t _old_offset; /* This used to be _offset but it's too small.  */
   ^~~~~~~
In file included from menus.c:10:
/usr/include/stdio.h:84:18: error: expected ‘=’, ‘,’, ‘;’, ‘asm’ or ‘__attribute__’ before ‘fpos_t’
 typedef __fpos_t fpos_t;
                  ^~~~~~
In file included from menus.c:10:
/usr/include/stdio.h:137:13: error: expected ‘=’, ‘,’, ‘;’, ‘asm’ or ‘__attribute__’ before ‘*’ token
 extern FILE *stdin;  /* Standard input stream.  */
             ^
/usr/include/stdio.h:138:13: error: expected ‘=’, ‘,’, ‘;’, ‘asm’ or ‘__attribute__’ before ‘*’ token
 extern FILE *stdout;  /* Standard output stream.  */
             ^
/usr/include/stdio.h:139:13: error: expected ‘=’, ‘,’, ‘;’, ‘asm’ or ‘__attribute__’ before ‘*’ token
 extern FILE *stderr;  /* Standard error output stream.  */
             ^
/usr/include/stdio.h:146:12: error: storage class specified for parameter ‘remove’
 extern int remove (const char *__filename) __THROW;
            ^~~~~~
/usr/include/stdio.h:148:12: error: storage class specified for parameter ‘rename’
 extern int rename (const char *__old, const char *__new) __THROW;
            ^~~~~~
/usr/include/stdio.h:173:13: error: expected ‘=’, ‘,’, ‘;’, ‘asm’ or ‘__attribute__’ before ‘*’ token
 extern FILE *tmpfile (void) __wur;
             ^
/usr/include/stdio.h:187:14: error: storage class specified for parameter ‘tmpnam’
 extern char *tmpnam (char *__s) __THROW __wur;
              ^~~~~~
/usr/include/stdio.h:213:20: error: expected declaration specifiers or ‘...’ before ‘FILE’
 extern int fclose (FILE *__stream);
                    ^~~~
/usr/include/stdio.h:218:20: error: expected declaration specifiers or ‘...’ before ‘FILE’
 extern int fflush (FILE *__stream);
                    ^~~~
/usr/include/stdio.h:246:13: error: expected ‘=’, ‘,’, ‘;’, ‘asm’ or ‘__attribute__’ before ‘*’ token
 extern FILE *fopen (const char *__restrict __filename,
             ^
/usr/include/stdio.h:252:13: error: expected ‘=’, ‘,’, ‘;’, ‘asm’ or ‘__attribute__’ before ‘*’ token
 extern FILE *freopen (const char *__restrict __filename,
             ^
/usr/include/stdio.h:304:21: error: expected declaration specifiers or ‘...’ before ‘FILE’
 extern void setbuf (FILE *__restrict __stream, char *__restrict __buf) __THROW;
                     ^~~~
/usr/include/stdio.h:308:21: error: expected declaration specifiers or ‘...’ before ‘FILE’
 extern int setvbuf (FILE *__restrict __stream, char *__restrict __buf,
                     ^~~~
/usr/include/stdio.h:309:20: error: expected declaration specifiers or ‘...’ before ‘size_t’
       int __modes, size_t __n) __THROW;
                    ^~~~~~
/usr/include/stdio.h:326:21: error: expected declaration specifiers or ‘...’ before ‘FILE’
 extern int fprintf (FILE *__restrict __stream,
                     ^~~~
/usr/include/stdio.h:332:12: error: storage class specified for parameter ‘printf’
 extern int printf (const char *__restrict __format, ...);
            ^~~~~~
/usr/include/stdio.h:334:12: error: storage class specified for parameter ‘sprintf’
 extern int sprintf (char *__restrict __s,
            ^~~~~~~
/usr/include/stdio.h:341:22: error: expected declaration specifiers or ‘...’ before ‘FILE’
 extern int vfprintf (FILE *__restrict __s, const char *__restrict __format,
                      ^~~~
/usr/include/stdio.h:342:8: error: expected declaration specifiers or ‘...’ before ‘__gnuc_va_list’
        __gnuc_va_list __arg);
        ^~~~~~~~~~~~~~
/usr/include/stdio.h:347:54: error: expected declaration specifiers or ‘...’ before ‘__gnuc_va_list’
 extern int vprintf (const char *__restrict __format, __gnuc_va_list __arg);
                                                      ^~~~~~~~~~~~~~
/usr/include/stdio.h:350:8: error: expected declaration specifiers or ‘...’ before ‘__gnuc_va_list’
        __gnuc_va_list __arg) __THROWNL;
        ^~~~~~~~~~~~~~
/usr/include/stdio.h:354:44: error: expected declaration specifiers or ‘...’ before ‘size_t’
 extern int snprintf (char *__restrict __s, size_t __maxlen,
                                            ^~~~~~
/usr/include/stdio.h:358:45: error: expected declaration specifiers or ‘...’ before ‘size_t’
 extern int vsnprintf (char *__restrict __s, size_t __maxlen,
                                             ^~~~~~
/usr/include/stdio.h:359:42: error: expected declaration specifiers or ‘...’ before ‘__gnuc_va_list’
         const char *__restrict __format, __gnuc_va_list __arg)
                                          ^~~~~~~~~~~~~~
/usr/include/stdio.h:391:20: error: expected declaration specifiers or ‘...’ before ‘FILE’
 extern int fscanf (FILE *__restrict __stream,
                    ^~~~
/usr/include/stdio.h:397:12: error: storage class specified for parameter ‘scanf’
 extern int scanf (const char *__restrict __format, ...) __wur;
            ^~~~~
/usr/include/stdio.h:399:12: error: storage class specified for parameter ‘sscanf’
 extern int sscanf (const char *__restrict __s,
            ^~~~~~
In file included from /usr/include/features.h:450,
                 from /usr/include/bits/libc-header-start.h:33,
                 from /usr/include/stdio.h:27,
                 from menus.c:10:
/usr/include/stdio.h:407:12: error: expected declaration specifiers or ‘...’ before ‘FILE’
 extern int __REDIRECT (fscanf, (FILE *__restrict __stream,
            ^~~~~~~~~~
/usr/include/stdio.h:410:12: error: storage class specified for parameter ‘scanf’
 extern int __REDIRECT (scanf, (const char *__restrict __format, ...),
            ^~~~~~~~~~
/usr/include/stdio.h:410:12: error: redefinition of parameter ‘scanf’
In file included from menus.c:10:
/usr/include/stdio.h:397:12: note: previous definition of ‘scanf’ was here
 extern int scanf (const char *__restrict __format, ...) __wur;
            ^~~~~
In file included from /usr/include/features.h:450,
                 from /usr/include/bits/libc-header-start.h:33,
                 from /usr/include/stdio.h:27,
                 from menus.c:10:
/usr/include/stdio.h:412:12: error: storage class specified for parameter ‘sscanf’
 extern int __REDIRECT_NTH (sscanf, (const char *__restrict __s,
            ^~~~~~~~~~~~~~
/usr/include/stdio.h:412:12: error: redefinition of parameter ‘sscanf’
In file included from menus.c:10:
/usr/include/stdio.h:399:12: note: previous definition of ‘sscanf’ was here
 extern int sscanf (const char *__restrict __s,
            ^~~~~~
/usr/include/stdio.h:432:21: error: expected declaration specifiers or ‘...’ before ‘FILE’
 extern int vfscanf (FILE *__restrict __s, const char *__restrict __format,
                     ^~~~
/usr/include/stdio.h:433:7: error: expected declaration specifiers or ‘...’ before ‘__gnuc_va_list’
       __gnuc_va_list __arg)
       ^~~~~~~~~~~~~~
/usr/include/stdio.h:440:53: error: expected declaration specifiers or ‘...’ before ‘__gnuc_va_list’
 extern int vscanf (const char *__restrict __format, __gnuc_va_list __arg)
                                                     ^~~~~~~~~~~~~~
/usr/include/stdio.h:445:40: error: expected declaration specifiers or ‘...’ before ‘__gnuc_va_list’
       const char *__restrict __format, __gnuc_va_list __arg)
                                        ^~~~~~~~~~~~~~
In file included from /usr/include/features.h:450,
                 from /usr/include/bits/libc-header-start.h:33,
                 from /usr/include/stdio.h:27,
                 from menus.c:10:
/usr/include/stdio.h:451:12: error: expected declaration specifiers or ‘...’ before ‘FILE’
 extern int __REDIRECT (vfscanf,
            ^~~~~~~~~~
/usr/include/stdio.h:451:12: error: expected declaration specifiers or ‘...’ before ‘__gnuc_va_list’
 extern int __REDIRECT (vfscanf,
            ^~~~~~~~~~
/usr/include/stdio.h:456:12: error: expected declaration specifiers or ‘...’ before ‘__gnuc_va_list’
 extern int __REDIRECT (vscanf, (const char *__restrict __format,
            ^~~~~~~~~~
/usr/include/stdio.h:459:12: error: expected declaration specifiers or ‘...’ before ‘__gnuc_va_list’
 extern int __REDIRECT_NTH (vsscanf,
            ^~~~~~~~~~~~~~
In file included from menus.c:10:
/usr/include/stdio.h:485:19: error: expected declaration specifiers or ‘...’ before ‘FILE’
 extern int fgetc (FILE *__stream);
                   ^~~~
/usr/include/stdio.h:486:18: error: expected declaration specifiers or ‘...’ before ‘FILE’
 extern int getc (FILE *__stream);
                  ^~~~
/usr/include/stdio.h:492:12: error: storage class specified for parameter ‘getchar’
 extern int getchar (void);
            ^~~~~~~
/usr/include/stdio.h:521:28: error: expected declaration specifiers or ‘...’ before ‘FILE’
 extern int fputc (int __c, FILE *__stream);
                            ^~~~
/usr/include/stdio.h:522:27: error: expected declaration specifiers or ‘...’ before ‘FILE’
 extern int putc (int __c, FILE *__stream);
                           ^~~~
/usr/include/stdio.h:528:12: error: storage class specified for parameter ‘putchar’
 extern int putchar (int __c);
            ^~~~~~~
/usr/include/stdio.h:564:52: error: expected declaration specifiers or ‘...’ before ‘FILE’
 extern char *fgets (char *__restrict __s, int __n, FILE *__restrict __stream)
                                                    ^~~~
/usr/include/stdio.h:577:14: error: storage class specified for parameter ‘gets’
 extern char *gets (char *__s) __wur __attribute_deprecated__;
              ^~~~
/usr/include/stdio.h:626:47: error: expected declaration specifiers or ‘...’ before ‘FILE’
 extern int fputs (const char *__restrict __s, FILE *__restrict __stream);
                                               ^~~~
/usr/include/stdio.h:632:12: error: storage class specified for parameter ‘puts’
 extern int puts (const char *__s);
            ^~~~
/usr/include/stdio.h:639:29: error: expected declaration specifiers or ‘...’ before ‘FILE’
 extern int ungetc (int __c, FILE *__stream);
                             ^~~~
/usr/include/stdio.h:646:15: error: expected ‘=’, ‘,’, ‘;’, ‘asm’ or ‘__attribute__’ before ‘fread’
 extern size_t fread (void *__restrict __ptr, size_t __size,
               ^~~~~
/usr/include/stdio.h:652:15: error: expected ‘=’, ‘,’, ‘;’, ‘asm’ or ‘__attribute__’ before ‘fwrite’
 extern size_t fwrite (const void *__restrict __ptr, size_t __size,
               ^~~~~~
/usr/include/stdio.h:684:19: error: expected declaration specifiers or ‘...’ before ‘FILE’
 extern int fseek (FILE *__stream, long int __off, int __whence);
                   ^~~~
/usr/include/stdio.h:689:24: error: expected declaration specifiers or ‘...’ before ‘FILE’
 extern long int ftell (FILE *__stream) __wur;
                        ^~~~
/usr/include/stdio.h:694:21: error: expected declaration specifiers or ‘...’ before ‘FILE’
 extern void rewind (FILE *__stream);
                     ^~~~
/usr/include/stdio.h:731:21: error: expected declaration specifiers or ‘...’ before ‘FILE’
 extern int fgetpos (FILE *__restrict __stream, fpos_t *__restrict __pos);
                     ^~~~
/usr/include/stdio.h:731:48: error: unknown type name ‘fpos_t’
 extern int fgetpos (FILE *__restrict __stream, fpos_t *__restrict __pos);
                                                ^~~~~~
/usr/include/stdio.h:731:48: note: ‘fpos_t’ is defined in header ‘<stdio.h>’; did you forget to ‘#include <stdio.h>’?
/usr/include/stdio.h:134:1:
+#include <stdio.h>
 
/usr/include/stdio.h:731:48:
 extern int fgetpos (FILE *__restrict __stream, fpos_t *__restrict __pos);
                                                ^~~~~~
/usr/include/stdio.h:736:21: error: expected declaration specifiers or ‘...’ before ‘FILE’
 extern int fsetpos (FILE *__stream, const fpos_t *__pos);
                     ^~~~
/usr/include/stdio.h:736:43: error: unknown type name ‘fpos_t’
 extern int fsetpos (FILE *__stream, const fpos_t *__pos);
                                           ^~~~~~
/usr/include/stdio.h:757:23: error: expected declaration specifiers or ‘...’ before ‘FILE’
 extern void clearerr (FILE *__stream) __THROW;
                       ^~~~
/usr/include/stdio.h:759:18: error: expected declaration specifiers or ‘...’ before ‘FILE’
 extern int feof (FILE *__stream) __THROW __wur;
                  ^~~~
/usr/include/stdio.h:761:20: error: expected declaration specifiers or ‘...’ before ‘FILE’
 extern int ferror (FILE *__stream) __THROW __wur;
                    ^~~~
/usr/include/stdio.h:775:13: error: storage class specified for parameter ‘perror’
 extern void perror (const char *__s);
             ^~~~~~
In file included from menus.c:10:
/usr/include/stdio.h:858:21: error: expected declaration specifiers or ‘...’ before ‘FILE’
 extern int __uflow (FILE *);
                     ^~~~
/usr/include/stdio.h:859:24: error: expected declaration specifiers or ‘...’ before ‘FILE’
 extern int __overflow (FILE *, int);
                        ^~~~
In file included from /usr/include/stdlib.h:31,
                 from menus.c:11:
/usr/lib/gcc/x86_64-pc-linux-gnu/8.3.0/include/stddef.h:328:24: error: storage class specified for parameter ‘wchar_t’
 typedef __WCHAR_TYPE__ wchar_t;
                        ^~~~~~~
In file included from menus.c:11:
/usr/include/stdlib.h:62:5: error: storage class specified for parameter ‘div_t’
   } div_t;
     ^~~~~
/usr/include/stdlib.h:70:5: error: storage class specified for parameter ‘ldiv_t’
   } ldiv_t;
     ^~~~~~
/usr/include/stdlib.h:76:1: error: expected declaration specifiers before ‘__extension__’
 __extension__ typedef struct
 ^~~~~~~~~~~~~
/usr/include/stdlib.h:80:5: error: expected declaration specifiers before ‘lldiv_t’
   } lldiv_t;
     ^~~~~~~
/usr/include/stdlib.h:97:15: error: expected ‘=’, ‘,’, ‘;’, ‘asm’ or ‘__attribute__’ before ‘__ctype_get_mb_cur_max’
 extern size_t __ctype_get_mb_cur_max (void) __THROW __wur;
               ^~~~~~~~~~~~~~~~~~~~~~
/usr/include/stdlib.h:101:15: error: storage class specified for parameter ‘atof’
 extern double atof (const char *__nptr)
               ^~~~
/usr/include/stdlib.h:104:12: error: storage class specified for parameter ‘atoi’
 extern int atoi (const char *__nptr)
            ^~~~
/usr/include/stdlib.h:107:17: error: storage class specified for parameter ‘atol’
 extern long int atol (const char *__nptr)
                 ^~~~
/usr/include/stdlib.h:112:1: error: expected declaration specifiers before ‘__extension__’
 __extension__ extern long long int atoll (const char *__nptr)
 ^~~~~~~~~~~~~
/usr/include/stdlib.h:117:15: error: storage class specified for parameter ‘strtod’
 extern double strtod (const char *__restrict __nptr,
               ^~~~~~
/usr/include/stdlib.h:123:14: error: storage class specified for parameter ‘strtof’
 extern float strtof (const char *__restrict __nptr,
              ^~~~~~
/usr/include/stdlib.h:126:20: error: storage class specified for parameter ‘strtold’
 extern long double strtold (const char *__restrict __nptr,
                    ^~~~~~~
/usr/include/stdlib.h:176:17: error: storage class specified for parameter ‘strtol’
 extern long int strtol (const char *__restrict __nptr,
                 ^~~~~~
/usr/include/stdlib.h:180:26: error: storage class specified for parameter ‘strtoul’
 extern unsigned long int strtoul (const char *__restrict __nptr,
                          ^~~~~~~
/usr/include/stdlib.h:199:1: error: expected declaration specifiers before ‘__extension__’
 __extension__
 ^~~~~~~~~~~~~
/usr/include/stdlib.h:204:1: error: expected declaration specifiers before ‘__extension__’
 __extension__
 ^~~~~~~~~~~~~
/usr/include/stdlib.h:453:12: error: storage class specified for parameter ‘rand’
 extern int rand (void) __THROW;
            ^~~~
/usr/include/stdlib.h:455:13: error: storage class specified for parameter ‘srand’
 extern void srand (unsigned int __seed) __THROW;
             ^~~~~
/usr/include/stdlib.h:539:22: error: expected declaration specifiers or ‘...’ before ‘size_t’
 extern void *malloc (size_t __size) __THROW __attribute_malloc__ __wur;
                      ^~~~~~
/usr/include/stdlib.h:541:22: error: expected declaration specifiers or ‘...’ before ‘size_t’
 extern void *calloc (size_t __nmemb, size_t __size)
                      ^~~~~~
/usr/include/stdlib.h:541:38: error: expected declaration specifiers or ‘...’ before ‘size_t’
 extern void *calloc (size_t __nmemb, size_t __size)
                                      ^~~~~~
/usr/include/stdlib.h:549:36: error: expected declaration specifiers or ‘...’ before ‘size_t’
 extern void *realloc (void *__ptr, size_t __size)
                                    ^~~~~~
/usr/include/stdlib.h:563:13: error: storage class specified for parameter ‘free’
 extern void free (void *__ptr) __THROW;
             ^~~~
/usr/include/stdlib.h:588:13: error: storage class specified for parameter ‘abort’
 extern void abort (void) __THROW __attribute__ ((__noreturn__));
             ^~~~~
/usr/include/stdlib.h:592:12: error: storage class specified for parameter ‘atexit’
 extern int atexit (void (*__func) (void)) __THROW __nonnull ((1));
            ^~~~~~
/usr/include/stdlib.h:614:13: error: storage class specified for parameter ‘exit’
 extern void exit (int __status) __THROW __attribute__ ((__noreturn__));
             ^~~~
/usr/include/stdlib.h:626:13: error: storage class specified for parameter ‘_Exit’
 extern void _Exit (int __status) __THROW __attribute__ ((__noreturn__));
             ^~~~~
/usr/include/stdlib.h:631:14: error: storage class specified for parameter ‘getenv’
 extern char *getenv (const char *__name) __THROW __nonnull ((1)) __wur;
              ^~~~~~
/usr/include/stdlib.h:781:12: error: storage class specified for parameter ‘system’
 extern int system (const char *__command) __wur;
            ^~~~~~
/usr/include/stdlib.h:805:15: error: storage class specified for parameter ‘__compar_fn_t’
 typedef int (*__compar_fn_t) (const void *, const void *);
               ^~~~~~~~~~~~~
/usr/include/stdlib.h:818:9: error: expected declaration specifiers or ‘...’ before ‘size_t’
         size_t __nmemb, size_t __size, __compar_fn_t __compar)
         ^~~~~~
/usr/include/stdlib.h:818:25: error: expected declaration specifiers or ‘...’ before ‘size_t’
         size_t __nmemb, size_t __size, __compar_fn_t __compar)
                         ^~~~~~
/usr/include/stdlib.h:818:40: error: expected declaration specifiers or ‘...’ before ‘__compar_fn_t’
         size_t __nmemb, size_t __size, __compar_fn_t __compar)
                                        ^~~~~~~~~~~~~
/usr/include/stdlib.h:827:34: error: expected declaration specifiers or ‘...’ before ‘size_t’
 extern void qsort (void *__base, size_t __nmemb, size_t __size,
                                  ^~~~~~
/usr/include/stdlib.h:827:50: error: expected declaration specifiers or ‘...’ before ‘size_t’
 extern void qsort (void *__base, size_t __nmemb, size_t __size,
                                                  ^~~~~~
/usr/include/stdlib.h:828:6: error: expected declaration specifiers or ‘...’ before ‘__compar_fn_t’
      __compar_fn_t __compar) __nonnull ((1, 4));
      ^~~~~~~~~~~~~
/usr/include/stdlib.h:837:12: error: storage class specified for parameter ‘abs’
 extern int abs (int __x) __THROW __attribute__ ((__const__)) __wur;
            ^~~
/usr/include/stdlib.h:838:17: error: storage class specified for parameter ‘labs’
 extern long int labs (long int __x) __THROW __attribute__ ((__const__)) __wur;
                 ^~~~
/usr/include/stdlib.h:841:1: error: expected declaration specifiers before ‘__extension__’
 __extension__ extern long long int llabs (long long int __x)
 ^~~~~~~~~~~~~
/usr/include/stdlib.h:849:14: error: expected ‘=’, ‘,’, ‘;’, ‘asm’ or ‘__attribute__’ before ‘div’
 extern div_t div (int __numer, int __denom)
              ^~~
/usr/include/stdlib.h:851:15: error: expected ‘=’, ‘,’, ‘;’, ‘asm’ or ‘__attribute__’ before ‘ldiv’
 extern ldiv_t ldiv (long int __numer, long int __denom)
               ^~~~
/usr/include/stdlib.h:855:1: error: expected declaration specifiers before ‘__extension__’
 __extension__ extern lldiv_t lldiv (long long int __numer,
 ^~~~~~~~~~~~~
/usr/include/stdlib.h:919:36: error: expected declaration specifiers or ‘...’ before ‘size_t’
 extern int mblen (const char *__s, size_t __n) __THROW;
                                    ^~~~~~
/usr/include/stdlib.h:922:20: error: expected declaration specifiers or ‘...’ before ‘wchar_t’
 extern int mbtowc (wchar_t *__restrict __pwc,
                    ^~~~~~~
/usr/include/stdlib.h:923:34: error: expected declaration specifiers or ‘...’ before ‘size_t’
      const char *__restrict __s, size_t __n) __THROW;
                                  ^~~~~~
/usr/include/stdlib.h:926:31: error: expected declaration specifiers or ‘...’ before ‘wchar_t’
 extern int wctomb (char *__s, wchar_t __wchar) __THROW;
                               ^~~~~~~
/usr/include/stdlib.h:930:15: error: expected ‘=’, ‘,’, ‘;’, ‘asm’ or ‘__attribute__’ before ‘mbstowcs’
 extern size_t mbstowcs (wchar_t *__restrict  __pwcs,
               ^~~~~~~~
/usr/include/stdlib.h:933:15: error: expected ‘=’, ‘,’, ‘;’, ‘asm’ or ‘__attribute__’ before ‘wcstombs’
 extern size_t wcstombs (char *__restrict __s,
               ^~~~~~~~
In file included from menus.c:12:
/usr/include/string.h:43:8: error: expected declaration specifiers or ‘...’ before ‘size_t’
        size_t __n) __THROW __nonnull ((1, 2));
        ^~~~~~
/usr/include/string.h:46:56: error: expected declaration specifiers or ‘...’ before ‘size_t’
 extern void *memmove (void *__dest, const void *__src, size_t __n)
                                                        ^~~~~~
/usr/include/string.h:60:42: error: expected declaration specifiers or ‘...’ before ‘size_t’
 extern void *memset (void *__s, int __c, size_t __n) __THROW __nonnull ((1));
                                          ^~~~~~
/usr/include/string.h:63:56: error: expected declaration specifiers or ‘...’ before ‘size_t’
 extern int memcmp (const void *__s1, const void *__s2, size_t __n)
                                                        ^~~~~~
/usr/include/string.h:90:48: error: expected declaration specifiers or ‘...’ before ‘size_t’
 extern void *memchr (const void *__s, int __c, size_t __n)
                                                ^~~~~~
/usr/include/string.h:121:14: error: storage class specified for parameter ‘strcpy’
 extern char *strcpy (char *__restrict __dest, const char *__restrict __src)
              ^~~~~~
/usr/include/string.h:125:39: error: expected declaration specifiers or ‘...’ before ‘size_t’
         const char *__restrict __src, size_t __n)
                                       ^~~~~~
/usr/include/string.h:129:14: error: storage class specified for parameter ‘strcat’
 extern char *strcat (char *__restrict __dest, const char *__restrict __src)
              ^~~~~~
/usr/include/string.h:133:9: error: expected declaration specifiers or ‘...’ before ‘size_t’
         size_t __n) __THROW __nonnull ((1, 2));
         ^~~~~~
/usr/include/string.h:136:12: error: storage class specified for parameter ‘strcmp’
 extern int strcmp (const char *__s1, const char *__s2)
            ^~~~~~
/usr/include/string.h:139:57: error: expected declaration specifiers or ‘...’ before ‘size_t’
 extern int strncmp (const char *__s1, const char *__s2, size_t __n)
                                                         ^~~~~~
/usr/include/string.h:143:12: error: storage class specified for parameter ‘strcoll’
 extern int strcoll (const char *__s1, const char *__s2)
            ^~~~~~~
/usr/include/string.h:146:15: error: expected ‘=’, ‘,’, ‘;’, ‘asm’ or ‘__attribute__’ before ‘strxfrm’
 extern size_t strxfrm (char *__restrict __dest,
               ^~~~~~~
/usr/include/string.h:225:14: error: storage class specified for parameter ‘strchr’
 extern char *strchr (const char *__s, int __c)
              ^~~~~~
/usr/include/string.h:252:14: error: storage class specified for parameter ‘strrchr’
 extern char *strrchr (const char *__s, int __c)
              ^~~~~~~
/usr/include/string.h:272:15: error: expected ‘=’, ‘,’, ‘;’, ‘asm’ or ‘__attribute__’ before ‘strcspn’
 extern size_t strcspn (const char *__s, const char *__reject)
               ^~~~~~~
/usr/include/string.h:276:15: error: expected ‘=’, ‘,’, ‘;’, ‘asm’ or ‘__attribute__’ before ‘strspn’
 extern size_t strspn (const char *__s, const char *__accept)
               ^~~~~~
/usr/include/string.h:302:14: error: storage class specified for parameter ‘strpbrk’
 extern char *strpbrk (const char *__s, const char *__accept)
              ^~~~~~~
/usr/include/string.h:329:14: error: storage class specified for parameter ‘strstr’
 extern char *strstr (const char *__haystack, const char *__needle)
              ^~~~~~
/usr/include/string.h:335:14: error: storage class specified for parameter ‘strtok’
 extern char *strtok (char *__restrict __s, const char *__restrict __delim)
              ^~~~~~
/usr/include/string.h:340:14: error: storage class specified for parameter ‘__strtok_r’
 extern char *__strtok_r (char *__restrict __s,
              ^~~~~~~~~~
/usr/include/string.h:384:15: error: expected ‘=’, ‘,’, ‘;’, ‘asm’ or ‘__attribute__’ before ‘strlen’
 extern size_t strlen (const char *__s)
               ^~~~~~
/usr/include/string.h:396:14: error: storage class specified for parameter ‘strerror’
 extern char *strerror (int __errnum) __THROW;
              ^~~~~~~~
menus.c:14:14: error: expected declaration specifiers or ‘...’ before ‘psS’
 int mainmenu(psS saveS)
              ^~~
menus.c:96:17: error: expected declaration specifiers or ‘...’ before ‘psS’
 int corridamenu(psS saveS, int voltas, int comp, int MaxAll)
                 ^~~
menus.c:246:1: error: expected ‘=’, ‘,’, ‘;’, ‘asm’ or ‘__attribute__’ before ‘{’ token
 {
 ^
menus.c:291:18: error: expected declaration specifiers or ‘...’ before ‘psS’
 int menufinalcor(psS saveS, pCon combina, int nMaxP, int voltas)
                  ^~~
menus.c:330:14: error: expected declaration specifiers or ‘...’ before ‘psS’
 void freeall(psS saveS)
              ^~~
menus.c:338:16: error: expected declaration specifiers or ‘...’ before ‘psS’
 int vercorrida(psS saveS, pCon combina, int nMaxP, int voltas)
                ^~~
In file included from menus.c:7:
leitura.h:64:5: error: old-style parameter declarations in prototyped function definition
 int trocaPon(pCon *combina, pCon *aux, pCon *antaux)
     ^~~~~~~~
menus.c:378: error: expected ‘{’ at end of input
 }
 
pilotos.c: In function ‘trocaPon’:
pilotos.c:11:59: error: expected ‘=’, ‘,’, ‘;’, ‘asm’ or ‘__attribute__’ before ‘{’ token
 int readPilotos(char *file, pPi *pPilotos, int *nPilotos) {
                                                           ^
pilotos.c:97:50: error: expected ‘=’, ‘,’, ‘;’, ‘asm’ or ‘__attribute__’ before ‘{’ token
 int verificaPiloto(Pi piloto, int n, int piId[]) {
                                                  ^
pilotos.c:142:23: error: expected ‘=’, ‘,’, ‘;’, ‘asm’ or ‘__attribute__’ before ‘{’ token
 int salvaP(psS saveS) {
                       ^
pilotos.c:163:25: error: expected ‘=’, ‘,’, ‘;’, ‘asm’ or ‘__attribute__’ before ‘{’ token
 void printPi(psS saveS) {
                         ^
pilotos.c:173: error: expected ‘{’ at end of input
 }
 
